Got 26024289 ratings from 270896 users on 45115 movies.
Training: 15620330, validation: 5201747, test: 5202223
RMSE (validation) = 0.8217425355160619 for the model trained with rank = 8, lambda = 0.1, and numIter = 10.
RMSE (validation) = 0.8216225526916763 for the model trained with rank = 8, lambda = 0.1, and numIter = 20.
RMSE (validation) = 3.680341128910692 for the model trained with rank = 8, lambda = 10.0, and numIter = 10.
RMSE (validation) = 3.680341128910692 for the model trained with rank = 8, lambda = 10.0, and numIter = 20.
RMSE (validation) = 0.8209777161810352 for the model trained with rank = 12, lambda = 0.1, and numIter = 10.
RMSE (validation) = 0.8172596469114145 for the model trained with rank = 12, lambda = 0.1, and numIter = 20.
RMSE (validation) = 3.680341128910692 for the model trained with rank = 12, lambda = 10.0, and numIter = 10.
RMSE (validation) = 3.680341128910692 for the model trained with rank = 12, lambda = 10.0, and numIter = 20.
The best model was trained with rank = 12 and lambda = 0.1, and numIter = 20, and its RMSE on the test set is 0.8169379946017991.
The best model improves the baseline by 23.29%.
Movies recommended for you:
 1: Hamoun (1990)
 2: Pearl Jam: Immagine in Cornice - Live in Italy 2006 (2007)
 3: The Great American Girl Robbery (1979)
 4: Atharintiki Daaredi (2013)
 5: The Story of Asya Klyachina (1966)
 6: Sex Is Zero (2002)
 7: The Marquis (2011)
 8: The Keepers (2017)
 9: Love Life (2001)
10: Tintin and the Lake of Sharks (1972)
11: 1 (2014)
12: Estamos Juntos (2011)
13: Monster High: Fright On! (2011)
14: Lavalantula (2015)
15: The Immoral Mr. Teas (1959)
16: Heaven Is a Playground (1991)
17: Frankenstein Conquers the World (1965)
18: Female Vampire (Les avaleuses) (Erotic Kill) (1973)
19: Love Is Blind (2013)
20: Fantastic Lies (2016)
21: Patient Zero (2017)
22: The Prodigies (2011)
23: PSYCHO-PASS: The Movie (2016)
24: More Brains! A Return to the Living Dead (2011)
25: "Mahabharata
26: Rio Diablo (1993)
27: "2013 Rock and Roll Hall of Fame Induction Ceremony
28: The Boss's Daughter (2016)
29: Tr?mulo (2015)
30: Here Without Me (Inja bedoone man) (2011)
31: Ali Baba Bunny (1957)
32: Lost in a Harem (1944)
33: Daisy Town (1971)
34: Lemonade Mouth (2011)
35: Far Out Man (1990)
36: Last Day of Summer (2009)
37: UFO - Distruggete base Luna! (1971)
38: Losing the North (2015)
39: Just Write (1997)
40: Mixed Kebab (2012)
41: Night of the Day of the Dawn of the Son of the Bride of the Return of the Terror (1991)
42: Desierto (2016)
43: Beltracchi - The Art of the Forgery (2014)
44: Emmanuelle 5 (1987)
45: Alien Tornado (2012)
46: Tiger Orange (2014)
47: Spine Tingler!  The William Castle Story (2007)
48: Extreme Private Eros: Love Song 1974 (1974)
49: "Stolen Collection
50: A Year in Burgundy (2013)
Benchmark execution time: 682293ms
