Got 26024289 ratings from 270896 users on 45115 movies.
Training: 15620330, validation: 5201747, test: 5202223
RMSE (validation) = 0.8236694466266116 for the model trained with rank = 8, lambda = 0.1, and numIter = 10.
RMSE (validation) = 0.8211262506263713 for the model trained with rank = 8, lambda = 0.1, and numIter = 20.
RMSE (validation) = 3.680341128910692 for the model trained with rank = 8, lambda = 10.0, and numIter = 10.
RMSE (validation) = 3.680341128910692 for the model trained with rank = 8, lambda = 10.0, and numIter = 20.
RMSE (validation) = 0.8205723158710234 for the model trained with rank = 12, lambda = 0.1, and numIter = 10.
RMSE (validation) = 0.8172905796388611 for the model trained with rank = 12, lambda = 0.1, and numIter = 20.
RMSE (validation) = 3.680341128910692 for the model trained with rank = 12, lambda = 10.0, and numIter = 10.
RMSE (validation) = 3.680341128910692 for the model trained with rank = 12, lambda = 10.0, and numIter = 20.
The best model was trained with rank = 12 and lambda = 0.1, and numIter = 20, and its RMSE on the test set is 0.8170010643353711.
The best model improves the baseline by 23.29%.
Movies recommended for you:
 1: Hamoun (1990)
 2: The Immoral Mr. Teas (1959)
 3: Pearl Jam: Immagine in Cornice - Live in Italy 2006 (2007)
 4: The Story of Asya Klyachina (1966)
 5: Estamos Juntos (2011)
 6: Tintin and the Lake of Sharks (1972)
 7: The Prodigies (2011)
 8: Duplicate (1998)
 9: The Marquis (2011)
10: Frankenstein Conquers the World (1965)
11: The Great American Girl Robbery (1979)
12: Sex Is Zero (2002)
13: Heaven Is a Playground (1991)
14: Love Life (2001)
15: Fantastic Lies (2016)
16: Emmanuelle 5 (1987)
17: Monster High: Fright On! (2011)
18: Lavalantula (2015)
19: Last Day of Summer (2009)
20: Female Vampire (Les avaleuses) (Erotic Kill) (1973)
21: UFO - Distruggete base Luna! (1971)
22: Losing the North (2015)
23: Ahora o nunca (2015)
24: Night of the Day of the Dawn of the Son of the Bride of the Return of the Terror (1991)
25: Richard Jeni: A Big Steaming Pile of Me (2005)
26: PSYCHO-PASS: The Movie (2016)
27: Here Without Me (Inja bedoone man) (2011)
28: Daisy Town (1971)
29: Tiger Orange (2014)
30: Lemonade Mouth (2011)
31: Atharintiki Daaredi (2013)
32: Susie Q (1996)
33: Far Out Man (1990)
34: Jellyfish Eyes (2013)
35: Rio Diablo (1993)
36: Love Is Blind (2013)
37: The Keepers (2017)
38: 1 (2014)
39: Jeff Dunham: Arguing with Myself (2006)
40: Heroes Shed No Tears (1986)
41: Vampyres (1974)
42: High Risk (1981)
43: The Ties That Bind (2015)
44: "Mahabharata
45: Punk Vacation (1987)
46: More Brains! A Return to the Living Dead (2011)
47: Steal This Film II (2007)
48: Rasputin (1996)
49: The Adventures of Scamper the Penguin (1986)
50: Farmageddon (2011)
Benchmark execution time: 689729ms
