Got 26024289 ratings from 270896 users on 45115 movies.
Training: 15620330, validation: 5201747, test: 5202223
RMSE (validation) = 0.8216521828497269 for the model trained with rank = 8, lambda = 0.1, and numIter = 10.
RMSE (validation) = 0.8206191982683303 for the model trained with rank = 8, lambda = 0.1, and numIter = 20.
RMSE (validation) = 3.680341128910692 for the model trained with rank = 8, lambda = 10.0, and numIter = 10.
RMSE (validation) = 3.680341128910692 for the model trained with rank = 8, lambda = 10.0, and numIter = 20.
RMSE (validation) = 0.8206393114015131 for the model trained with rank = 12, lambda = 0.1, and numIter = 10.
RMSE (validation) = 0.8167621035927135 for the model trained with rank = 12, lambda = 0.1, and numIter = 20.
RMSE (validation) = 3.680341128910692 for the model trained with rank = 12, lambda = 10.0, and numIter = 10.
RMSE (validation) = 3.680341128910692 for the model trained with rank = 12, lambda = 10.0, and numIter = 20.
The best model was trained with rank = 12 and lambda = 0.1, and numIter = 20, and its RMSE on the test set is 0.8164925896886785.
The best model improves the baseline by 23.34%.
Movies recommended for you:
 1: Hamoun (1990)
 2: Pearl Jam: Immagine in Cornice - Live in Italy 2006 (2007)
 3: The Great American Girl Robbery (1979)
 4: Female Vampire (Les avaleuses) (Erotic Kill) (1973)
 5: The Immoral Mr. Teas (1959)
 6: The Keepers (2017)
 7: Atharintiki Daaredi (2013)
 8: The Marquis (2011)
 9: 1 (2014)
10: Tintin and the Lake of Sharks (1972)
11: Sex Is Zero (2002)
12: Love Life (2001)
13: Heaven Is a Playground (1991)
14: Frankenstein Conquers the World (1965)
15: The Story of Asya Klyachina (1966)
16: Lemonade Mouth (2011)
17: The Prodigies (2011)
18: More Brains! A Return to the Living Dead (2011)
19: Lavalantula (2015)
20: Estamos Juntos (2011)
21: UFO - Distruggete base Luna! (1971)
22: Duplicate (1998)
23: Monster High: Fright On! (2011)
24: Patient Zero (2017)
25: Far Out Man (1990)
26: PSYCHO-PASS: The Movie (2016)
27: Love Is Blind (2013)
28: Losing the North (2015)
29: Alien Tornado (2012)
30: Rio Diablo (1993)
31: "Mahabharata
32: Kokoko (2012)
33: Tiger Orange (2014)
34: Mamitas (2011)
35: Heroes Shed No Tears (1986)
36: Vampyres (1974)
37: Daisy Town (1971)
38: Emmanuelle 5 (1987)
39: "2013 Rock and Roll Hall of Fame Induction Ceremony
40: Mixed Kebab (2012)
41: Fantastic Lies (2016)
42: Desierto (2016)
43: Last Day of Summer (2009)
44: The Boss's Daughter (2016)
45: "Stolen Collection
46: Susie Q (1996)
47: Don't You Forget About Me (2009)
48: Ali Baba Bunny (1957)
49: Scavenger Hunt (1979)
50: Lost in a Harem (1944)
Benchmark execution time: 667815ms
