Got 26024289 ratings from 270896 users on 45115 movies.
Training: 15620330, validation: 5201747, test: 5202223
RMSE (validation) = 0.8234783480501031 for the model trained with rank = 8, lambda = 0.1, and numIter = 10.
RMSE (validation) = 0.8207947957664063 for the model trained with rank = 8, lambda = 0.1, and numIter = 20.
RMSE (validation) = 3.680341128910692 for the model trained with rank = 8, lambda = 10.0, and numIter = 10.
RMSE (validation) = 3.680341128910692 for the model trained with rank = 8, lambda = 10.0, and numIter = 20.
RMSE (validation) = 0.8186062264785857 for the model trained with rank = 12, lambda = 0.1, and numIter = 10.
RMSE (validation) = 0.8178490435747467 for the model trained with rank = 12, lambda = 0.1, and numIter = 20.
RMSE (validation) = 3.680341128910692 for the model trained with rank = 12, lambda = 10.0, and numIter = 10.
RMSE (validation) = 3.680341128910692 for the model trained with rank = 12, lambda = 10.0, and numIter = 20.
The best model was trained with rank = 12 and lambda = 0.1, and numIter = 20, and its RMSE on the test set is 0.8175362662511656.
The best model improves the baseline by 23.24%.
Movies recommended for you:
 1: Pearl Jam: Immagine in Cornice - Live in Italy 2006 (2007)
 2: Hamoun (1990)
 3: The Story of Asya Klyachina (1966)
 4: Love Life (2001)
 5: The Great American Girl Robbery (1979)
 6: Willie & Phil (1980)
 7: Tintin and the Lake of Sharks (1972)
 8: Female Vampire (Les avaleuses) (Erotic Kill) (1973)
 9: Shakthi: The Power (2002)
10: The Marquis (2011)
11: Love Is Blind (2013)
12: Monster High: Fright On! (2011)
13: The Immoral Mr. Teas (1959)
14: The Prodigies (2011)
15: Heaven Is a Playground (1991)
16: Kokoko (2012)
17: Here Without Me (Inja bedoone man) (2011)
18: "Tramp
19: UFO - Distruggete base Luna! (1971)
20: Ghatak: Lethal (1996)
21: Last Day of Summer (2009)
22: Awara Paagal Deewana (2002)
23: Alien Tornado (2012)
24: Aarya (2004)
25: Estamos Juntos (2011)
26: Rio Diablo (1993)
27: PSYCHO-PASS: The Movie (2016)
28: Just Write (1997)
29: An Interesting Story (1904)
30: "Mahabharata
31: Night of the Day of the Dawn of the Son of the Bride of the Return of the Terror (1991)
32: The Boss's Daughter (2016)
33: Far Out Man (1990)
34: "2013 Rock and Roll Hall of Fame Induction Ceremony
35: Emmanuelle 5 (1987)
36: Sex Is Zero (2002)
37: Extreme Private Eros: Love Song 1974 (1974)
38: Ali Baba Bunny (1957)
39: "Rage
40: Zerophilia (2005)
41: Beltracchi - The Art of the Forgery (2014)
42: Lost in a Harem (1944)
43: God?s Wedding (As Bodas de Deus) (1999)
44: More Brains! A Return to the Living Dead (2011)
45: Daisy Town (1971)
46: Susie Q (1996)
47: The Third Lover (1962)
48: Tr?mulo (2015)
49: A Year in Burgundy (2013)
50: Farmageddon (2011)
Benchmark execution time: 730425ms
