Got 26024289 ratings from 270896 users on 45115 movies.
Training: 15620330, validation: 5201747, test: 5202223
RMSE (validation) = 0.8274047905952737 for the model trained with rank = 8, lambda = 0.1, and numIter = 10.
RMSE (validation) = 0.820408628300064 for the model trained with rank = 8, lambda = 0.1, and numIter = 20.
RMSE (validation) = 3.680341128910692 for the model trained with rank = 8, lambda = 10.0, and numIter = 10.
RMSE (validation) = 3.680341128910692 for the model trained with rank = 8, lambda = 10.0, and numIter = 20.
RMSE (validation) = 0.8203743695597033 for the model trained with rank = 12, lambda = 0.1, and numIter = 10.
RMSE (validation) = 0.8175005638705627 for the model trained with rank = 12, lambda = 0.1, and numIter = 20.
RMSE (validation) = 3.680341128910692 for the model trained with rank = 12, lambda = 10.0, and numIter = 10.
RMSE (validation) = 3.680341128910692 for the model trained with rank = 12, lambda = 10.0, and numIter = 20.
The best model was trained with rank = 12 and lambda = 0.1, and numIter = 20, and its RMSE on the test set is 0.8172299761983786.
The best model improves the baseline by 23.27%.
Movies recommended for you:
 1: Hamoun (1990)
 2: Pearl Jam: Immagine in Cornice - Live in Italy 2006 (2007)
 3: The Immoral Mr. Teas (1959)
 4: The Story of Asya Klyachina (1966)
 5: The Great American Girl Robbery (1979)
 6: Tintin and the Lake of Sharks (1972)
 7: Atharintiki Daaredi (2013)
 8: Female Vampire (Les avaleuses) (Erotic Kill) (1973)
 9: The Marquis (2011)
10: Estamos Juntos (2011)
11: Sex Is Zero (2002)
12: The Prodigies (2011)
13: Heaven Is a Playground (1991)
14: Monster High: Fright On! (2011)
15: Lavalantula (2015)
16: Alien Tornado (2012)
17: UFO - Distruggete base Luna! (1971)
18: Duplicate (1998)
19: Zakochani (2000)
20: Emmanuelle 5 (1987)
21: The Keepers (2017)
22: Love Life (2001)
23: Frankenstein Conquers the World (1965)
24: Tiger Orange (2014)
25: Rio Diablo (1993)
26: Lemonade Mouth (2011)
27: Losing the North (2015)
28: PSYCHO-PASS: The Movie (2016)
29: Last Day of Summer (2009)
30: Night of the Day of the Dawn of the Son of the Bride of the Return of the Terror (1991)
31: Far Out Man (1990)
32: 1 (2014)
33: Susie Q (1996)
34: More Brains! A Return to the Living Dead (2011)
35: Jellyfish Eyes (2013)
36: Ali Baba Bunny (1957)
37: Daisy Town (1971)
38: Fantastic Lies (2016)
39: Here Without Me (Inja bedoone man) (2011)
40: Special Section (1975)
41: "Mahabharata
42: Farmageddon (2011)
43: Rasputin (1996)
44: Love Is Blind (2013)
45: High Risk (1981)
46: Mixed Kebab (2012)
47: The Boss's Daughter (2016)
48: Beltracchi - The Art of the Forgery (2014)
49: "Stolen Collection
50: The Ties That Bind (2015)
Benchmark execution time: 712279ms
