Got 26024289 ratings from 270896 users on 45115 movies.
Training: 15620330, validation: 5201747, test: 5202223
RMSE (validation) = 0.8231512693729028 for the model trained with rank = 8, lambda = 0.1, and numIter = 10.
RMSE (validation) = 0.8218253217579928 for the model trained with rank = 8, lambda = 0.1, and numIter = 20.
RMSE (validation) = 3.680341128910692 for the model trained with rank = 8, lambda = 10.0, and numIter = 10.
RMSE (validation) = 3.680341128910692 for the model trained with rank = 8, lambda = 10.0, and numIter = 20.
RMSE (validation) = 0.8234048730353205 for the model trained with rank = 12, lambda = 0.1, and numIter = 10.
RMSE (validation) = 0.8163690949043134 for the model trained with rank = 12, lambda = 0.1, and numIter = 20.
RMSE (validation) = 3.680341128910692 for the model trained with rank = 12, lambda = 10.0, and numIter = 10.
RMSE (validation) = 3.680341128910692 for the model trained with rank = 12, lambda = 10.0, and numIter = 20.
The best model was trained with rank = 12 and lambda = 0.1, and numIter = 20, and its RMSE on the test set is 0.8160746829957153.
The best model improves the baseline by 23.38%.
Movies recommended for you:
 1: Hamoun (1990)
 2: Pearl Jam: Immagine in Cornice - Live in Italy 2006 (2007)
 3: 1 (2014)
 4: The Keepers (2017)
 5: The Immoral Mr. Teas (1959)
 6: The Story of Asya Klyachina (1966)
 7: Female Vampire (Les avaleuses) (Erotic Kill) (1973)
 8: Atharintiki Daaredi (2013)
 9: The Great American Girl Robbery (1979)
10: The Marquis (2011)
11: Frankenstein Conquers the World (1965)
12: Sex Is Zero (2002)
13: Tintin and the Lake of Sharks (1972)
14: Heaven Is a Playground (1991)
15: Fantastic Lies (2016)
16: Estamos Juntos (2011)
17: Love Life (2001)
18: UFO - Distruggete base Luna! (1971)
19: PSYCHO-PASS: The Movie (2016)
20: The Prodigies (2011)
21: Losing the North (2015)
22: "Mahabharata
23: More Brains! A Return to the Living Dead (2011)
24: Far Out Man (1990)
25: Lemonade Mouth (2011)
26: Mamitas (2011)
27: Rio Diablo (1993)
28: Tiger Orange (2014)
29: Mixed Kebab (2012)
30: Don't You Forget About Me (2009)
31: Alien Tornado (2012)
32: Duplicate (1998)
33: Love Is Blind (2013)
34: Scavenger Hunt (1979)
35: Daisy Town (1971)
36: Emmanuelle 5 (1987)
37: Lavalantula (2015)
38: "2013 Rock and Roll Hall of Fame Induction Ceremony
39: Desierto (2016)
40: Tr?mulo (2015)
41: Lost in a Harem (1944)
42: Punk Vacation (1987)
43: The War at Home (1979)
44: Heroes Shed No Tears (1986)
45: Vampyres (1974)
46: Last Day of Summer (2009)
47: "Stolen Collection
48: The Ties That Bind (2015)
49: "Passion of Ayn Rand
50: Speech & Debate (2017)
Benchmark execution time: 660474ms
