Got 26024289 ratings from 270896 users on 45115 movies.
Training: 15620330, validation: 5201747, test: 5202223
RMSE (validation) = 0.8230269015193818 for the model trained with rank = 8, lambda = 0.1, and numIter = 10.
RMSE (validation) = 0.8214043476770566 for the model trained with rank = 8, lambda = 0.1, and numIter = 20.
RMSE (validation) = 3.680341128910692 for the model trained with rank = 8, lambda = 10.0, and numIter = 10.
RMSE (validation) = 3.680341128910692 for the model trained with rank = 8, lambda = 10.0, and numIter = 20.
RMSE (validation) = 0.8186999610622858 for the model trained with rank = 12, lambda = 0.1, and numIter = 10.
RMSE (validation) = 0.8171115950350384 for the model trained with rank = 12, lambda = 0.1, and numIter = 20.
RMSE (validation) = 3.680341128910692 for the model trained with rank = 12, lambda = 10.0, and numIter = 10.
RMSE (validation) = 3.680341128910692 for the model trained with rank = 12, lambda = 10.0, and numIter = 20.
The best model was trained with rank = 12 and lambda = 0.1, and numIter = 20, and its RMSE on the test set is 0.8168431059074507.
The best model improves the baseline by 23.30%.
Movies recommended for you:
 1: Hamoun (1990)
 2: Pearl Jam: Immagine in Cornice - Live in Italy 2006 (2007)
 3: The Great American Girl Robbery (1979)
 4: 1 (2014)
 5: Atharintiki Daaredi (2013)
 6: Female Vampire (Les avaleuses) (Erotic Kill) (1973)
 7: The Marquis (2011)
 8: The Keepers (2017)
 9: The Immoral Mr. Teas (1959)
10: Love Life (2001)
11: Sex Is Zero (2002)
12: Tintin and the Lake of Sharks (1972)
13: Fantastic Lies (2016)
14: Heaven Is a Playground (1991)
15: Patient Zero (2017)
16: Frankenstein Conquers the World (1965)
17: Estamos Juntos (2011)
18: "Mahabharata
19: More Brains! A Return to the Living Dead (2011)
20: Monster High: Fright On! (2011)
21: Love Is Blind (2013)
22: Lemonade Mouth (2011)
23: Mixed Kebab (2012)
24: Rio Diablo (1993)
25: Just Write (1997)
26: Far Out Man (1990)
27: The Prodigies (2011)
28: Mamitas (2011)
29: PSYCHO-PASS: The Movie (2016)
30: Night of the Day of the Dawn of the Son of the Bride of the Return of the Terror (1991)
31: Ali Baba Bunny (1957)
32: "2013 Rock and Roll Hall of Fame Induction Ceremony
33: The Story of Asya Klyachina (1966)
34: UFO - Distruggete base Luna! (1971)
35: Daisy Town (1971)
36: Scavenger Hunt (1979)
37: Emmanuelle 5 (1987)
38: Beltracchi - The Art of the Forgery (2014)
39: Tr?mulo (2015)
40: Alien Tornado (2012)
41: Desierto (2016)
42: Extreme Private Eros: Love Song 1974 (1974)
43: A Year in Burgundy (2013)
44: Scooby-Doo! Frankencreepy (2014)
45: Lavalantula (2015)
46: Seven Dwarfs (2004)
47: Foo Fighters: Back and Forth (2011)
48: Susie Q (1996)
49: Last Day of Summer (2009)
50: "Stolen Collection
Benchmark execution time: 672395ms
