Got 26024289 ratings from 270896 users on 45115 movies.
Training: 15620330, validation: 5201747, test: 5202223
RMSE (validation) = 0.8212892629464424 for the model trained with rank = 8, lambda = 0.1, and numIter = 10.
RMSE (validation) = 0.821746618093511 for the model trained with rank = 8, lambda = 0.1, and numIter = 20.
RMSE (validation) = 3.680341128910692 for the model trained with rank = 8, lambda = 10.0, and numIter = 10.
RMSE (validation) = 3.680341128910692 for the model trained with rank = 8, lambda = 10.0, and numIter = 20.
RMSE (validation) = 0.8186977401725012 for the model trained with rank = 12, lambda = 0.1, and numIter = 10.
RMSE (validation) = 0.8170409828828733 for the model trained with rank = 12, lambda = 0.1, and numIter = 20.
RMSE (validation) = 3.680341128910692 for the model trained with rank = 12, lambda = 10.0, and numIter = 10.
RMSE (validation) = 3.680341128910692 for the model trained with rank = 12, lambda = 10.0, and numIter = 20.
The best model was trained with rank = 12 and lambda = 0.1, and numIter = 20, and its RMSE on the test set is 0.8167726076543332.
The best model improves the baseline by 23.31%.
Movies recommended for you:
 1: Hamoun (1990)
 2: Pearl Jam: Immagine in Cornice - Live in Italy 2006 (2007)
 3: Atharintiki Daaredi (2013)
 4: Tintin and the Lake of Sharks (1972)
 5: The Great American Girl Robbery (1979)
 6: The Marquis (2011)
 7: The Prodigies (2011)
 8: Monster High: Fright On! (2011)
 9: The Immoral Mr. Teas (1959)
10: Scavenger Hunt (1979)
11: Patient Zero (2017)
12: Fantastic Lies (2016)
13: Heaven Is a Playground (1991)
14: Female Vampire (Les avaleuses) (Erotic Kill) (1973)
15: Richard Jeni: A Big Steaming Pile of Me (2005)
16: Heroes Shed No Tears (1986)
17: Vampyres (1974)
18: The Kids Are Alright (1979)
19: Emmanuelle 5 (1987)
20: Sex Is Zero (2002)
21: Losing the North (2015)
22: Estamos Juntos (2011)
23: PSYCHO-PASS: The Movie (2016)
24: Night of the Day of the Dawn of the Son of the Bride of the Return of the Terror (1991)
25: Frankenstein Conquers the World (1965)
26: Love Is Blind (2013)
27: Love Life (2001)
28: Daisy Town (1971)
29: Rio Diablo (1993)
30: Jeff Dunham: Arguing with Myself (2006)
31: UFO - Distruggete base Luna! (1971)
32: The Keepers (2017)
33: Last Day of Summer (2009)
34: Far Out Man (1990)
35: "Mahabharata
36: Beltracchi - The Art of the Forgery (2014)
37: Farmageddon (2011)
38: Here Without Me (Inja bedoone man) (2011)
39: More Brains! A Return to the Living Dead (2011)
40: "2013 Rock and Roll Hall of Fame Induction Ceremony
41: Jeff Dunham: Jeff Dunham's Very Special Christmas Special (2008)
42: Punk Vacation (1987)
43: A Year in Burgundy (2013)
44: Saviour Square (2006)
45: God?s Wedding (As Bodas de Deus) (1999)
46: Awara Paagal Deewana (2002)
47: Susie Q (1996)
48: Mad Ron's Prevues from Hell (1987)
49: The Story of Asya Klyachina (1966)
50: High Risk (1981)
Benchmark execution time: 706585ms
