stats_time = 1
Configuration:

nProcessors on system: 32
nWorkers: 16
runtime: -1
Get fraction: 0.800000
Naggle's algorithm: False


host: 192.168.37.10
address: 192.168.37.10
Loading key value file...created uniform distribution 1000
rps 222812 cpus 16
meanInterarrival 71
num_worker_connections 13
num_worker_connections 13
Creating worker on tid 1779447552
starting receive base loop
num_worker_connections 13
Creating worker on tid 1771054848
starting receive base loop
num_worker_connections 13
Creating worker on tid 1762662144
starting receive base loop
num_worker_connections 13
Creating worker on tid 1754269440
starting receive base loop
num_worker_connections 13
Creating worker on tid 1543501568
starting receive base loop
num_worker_connections 13
Creating worker on tid 1535108864
starting receive base loop
num_worker_connections 13
Creating worker on tid 1526716160
starting receive base loop
Creating worker on tid 1518323456
num_worker_connections 12
starting receive base loop
num_worker_connections 12
Creating worker on tid 1509930752
starting receive base loop
num_worker_connections 12
Creating worker on tid 1501538048
starting receive base loop
num_worker_connections 12
Creating worker on tid 1493145344
starting receive base loop
num_worker_connections 12
Creating worker on tid 939521792
starting receive base loop
num_worker_connections 12
Creating worker on tid 931129088
starting receive base loop
Creating worker on tid 922736384
num_worker_connections 12
starting receive base loop
num_worker_connections 12
Creating worker on tid 914343680
starting receive base loop
Created 200 connections total
Creating worker on tid 905950976
starting receive base loop
Stats:
-------------------------
  timeDiff,     rps,        requests,     gets,       sets,      hits,       misses,   avg_lat,      90th,      95th,        99th,       std,       min,        max,    avgGetSize
1658184615.182957,       0.0,      454947,     363948,      90999,     362204,       1744,   0.704478,   1.400000,   1.700000,   3.100000,   0.546027,   0.000000,   9.072000, 835.166230
Outstanding requests per worker:
36 35 30 35 15 28 32 33 17 29 22 17 33 25 15 33 
  timeDiff,     rps,        requests,     gets,       sets,      hits,       misses,   avg_lat,      90th,      95th,        99th,       std,       min,        max,    avgGetSize
  1.000001,  225813.8,      225814,     180587,      45227,     179682,        905,   1.250743,   3.200000,   3.800000,   4.900000,   1.186749,   0.033000,   8.186000, 834.248661
Outstanding requests per worker:
9 10 8 8 11 6 6 10 10 17 15 12 12 11 12 5 
  timeDiff,     rps,        requests,     gets,       sets,      hits,       misses,   avg_lat,      90th,      95th,        99th,       std,       min,        max,    avgGetSize
  1.000001,  225461.8,      225462,     180709,      44753,     179840,        869,   1.343749,   3.400000,   3.900000,   4.700000,   1.200420,   0.037000,   7.111000, 835.684947
Outstanding requests per worker:
5 15 9 9 3 7 7 5 9 17 3 13 7 4 7 8 
  timeDiff,     rps,        requests,     gets,       sets,      hits,       misses,   avg_lat,      90th,      95th,        99th,       std,       min,        max,    avgGetSize
  1.000001,  225438.8,      225439,     180359,      45080,     179524,        835,   0.779120,   2.000000,   2.800000,   3.700000,   0.832295,   0.032000,  10.802000, 835.451599
Outstanding requests per worker:
9 6 7 7 11 8 6 9 8 6 6 3 7 4 4 9 
  timeDiff,     rps,        requests,     gets,       sets,      hits,       misses,   avg_lat,      90th,      95th,        99th,       std,       min,        max,    avgGetSize
  1.000001,  225526.8,      225527,     180410,      45117,     179513,        897,   1.433790,   3.200000,   3.500000,   4.100000,   1.114581,   0.037000,   8.706000, 834.509212
Outstanding requests per worker:
3 8 2 2 3 10 3 2 3 2 1 11 3 2 1 5 
  timeDiff,     rps,        requests,     gets,       sets,      hits,       misses,   avg_lat,      90th,      95th,        99th,       std,       min,        max,    avgGetSize
  1.000001,  222895.8,      222896,     178505,      44391,     177654,        851,   1.915065,   3.800000,   4.400000,   5.600000,   1.386494,   0.033000,   7.724000, 835.314579
Outstanding requests per worker:
18 54 21 68 73 6 65 8 63 66 65 65 39 68 8 59 
  timeDiff,     rps,        requests,     gets,       sets,      hits,       misses,   avg_lat,      90th,      95th,        99th,       std,       min,        max,    avgGetSize
  1.000001,  225878.8,      225879,     180839,      45040,     179963,        876,   5.127686,   8.000000,   8.600000,   9.900000,   2.368264,   0.036000,  13.173000, 835.735710
Outstanding requests per worker:
33 123 24 123 28 32 15 30 119 116 114 100 26 29 15 33 
  timeDiff,     rps,        requests,     gets,       sets,      hits,       misses,   avg_lat,      90th,      95th,        99th,       std,       min,        max,    avgGetSize
  1.000001,  220760.8,      220761,     176813,      43948,     175983,        830,   4.069120,   6.800000,   7.500000,   8.800000,   2.110111,   0.035000,  11.904000, 835.494030
Outstanding requests per worker:
89 94 86 89 90 26 84 32 84 82 90 79 21 83 19 28 
  timeDiff,     rps,        requests,     gets,       sets,      hits,       misses,   avg_lat,      90th,      95th,        99th,       std,       min,        max,    avgGetSize
  1.000001,  209148.8,      209149,     167393,      41756,     166549,        844,   5.320578,   8.600000,   9.100000,  10.600000,   2.759141,   0.036000,  15.842000, 834.664592
Outstanding requests per worker:
105 103 102 105 101 53 93 33 96 97 50 28 8 95 35 19 
  timeDiff,     rps,        requests,     gets,       sets,      hits,       misses,   avg_lat,      90th,      95th,        99th,       std,       min,        max,    avgGetSize
  1.000001,  214854.8,      214855,     172075,      42780,     171192,        883,   5.449887,   9.100000,   9.700000,  10.600000,   3.004504,   0.035000,  14.681000, 834.418044
Outstanding requests per worker:
107 107 104 110 108 71 101 39 106 100 36 70 44 99 77 72 
  timeDiff,     rps,        requests,     gets,       sets,      hits,       misses,   avg_lat,      90th,      95th,        99th,       std,       min,        max,    avgGetSize
  1.000001,  207933.8,      207934,     166296,      41638,     165479,        817,   6.443042,   9.700000,  10.200000,  11.100000,   2.748721,   0.035000,  17.945999, 834.604861
Outstanding requests per worker:
108 109 106 110 36 88 45 63 108 103 22 92 9 103 89 87 
  timeDiff,     rps,        requests,     gets,       sets,      hits,       misses,   avg_lat,      90th,      95th,        99th,       std,       min,        max,    avgGetSize
  1.000001,  208777.8,      208778,     167207,      41571,     166384,        823,   6.328582,   9.900000,  10.600000,  12.100000,   2.858661,   0.037000,  16.264999, 835.982931
Outstanding requests per worker:
111 115 106 111 87 95 83 62 108 103 2 95 41 104 91 27 
  timeDiff,     rps,        requests,     gets,       sets,      hits,       misses,   avg_lat,      90th,      95th,        99th,       std,       min,        max,    avgGetSize
  1.000001,  211144.8,      211145,     169218,      41927,     168388,        830,   6.483393,   9.900000,  10.600000,  12.000000,   2.790101,   0.035000,  17.679000, 834.872555
Outstanding requests per worker:
111 115 111 113 95 72 95 55 110 105 72 99 49 104 38 67 
  timeDiff,     rps,        requests,     gets,       sets,      hits,       misses,   avg_lat,      90th,      95th,        99th,       std,       min,        max,    avgGetSize
  1.000001,  226360.8,      226361,     181145,      45216,     180216,        929,   7.005150,  10.600000,  11.700000,  13.600000,   2.859957,   0.048000,  19.378999, 834.302106
Outstanding requests per worker:
59 143 137 138 145 59 145 57 158 151 129 139 57 136 4 53 
  timeDiff,     rps,        requests,     gets,       sets,      hits,       misses,   avg_lat,      90th,      95th,        99th,       std,       min,        max,    avgGetSize
  1.000001,  232207.8,      232208,     185832,      46376,     184907,        925,   7.125287,  12.200000,  13.200000,  15.000000,   3.950808,   0.047000,  17.778000, 835.674297
Outstanding requests per worker:
61 150 153 161 180 78 155 99 173 170 109 149 80 146 83 77 
  timeDiff,     rps,        requests,     gets,       sets,      hits,       misses,   avg_lat,      90th,      95th,        99th,       std,       min,        max,    avgGetSize
  1.000001,  223281.8,      223282,     178577,      44705,     177680,        897,   7.927345,  13.600000,  14.400000,  15.900000,   4.672556,   0.043000,  18.672001, 836.110787
Outstanding requests per worker:
19 150 155 161 180 10 155 15 173 170 113 152 13 146 12 12 
  timeDiff,     rps,        requests,     gets,       sets,      hits,       misses,   avg_lat,      90th,      95th,        99th,       std,       min,        max,    avgGetSize
  1.000001,  256647.7,      256648,     205391,      51257,     204367,       1024,   6.228587,  10.600000,  11.700000,  13.900000,   3.677876,   0.065000,  17.064000, 834.343598
Outstanding requests per worker:
62 35 155 162 8 29 155 53 173 170 68 165 54 146 25 17 
  timeDiff,     rps,        requests,     gets,       sets,      hits,       misses,   avg_lat,      90th,      95th,        99th,       std,       min,        max,    avgGetSize
  1.000001,  245413.8,      245414,     196562,      48852,     195610,        952,   5.315028,  11.000000,  12.100000,  13.600000,   3.972824,   0.071000,  26.258999, 835.147485
Outstanding requests per worker:
21 27 168 173 17 21 24 16 183 182 19 25 31 150 28 24 
  timeDiff,     rps,        requests,     gets,       sets,      hits,       misses,   avg_lat,      90th,      95th,        99th,       std,       min,        max,    avgGetSize
  1.000001,  241162.8,      241163,     193229,      47934,     192279,        950,   4.896044,  11.200000,  12.300000,  14.000000,   4.089182,   0.053000,  17.181000, 835.819209
Outstanding requests per worker:
19 62 169 174 13 13 50 34 183 182 38 24 16 157 31 42 
  timeDiff,     rps,        requests,     gets,       sets,      hits,       misses,   avg_lat,      90th,      95th,        99th,       std,       min,        max,    avgGetSize
  1.000001,  234952.8,      234953,     188032,      46921,     187122,        910,   3.337230,   7.300000,  10.000000,  13.800000,   2.956578,   0.038000,  17.038001, 835.581454
Outstanding requests per worker:
13 23 15 18 15 21 16 17 8 16 16 13 19 12 22 18 
  timeDiff,     rps,        requests,     gets,       sets,      hits,       misses,   avg_lat,      90th,      95th,        99th,       std,       min,        max,    avgGetSize
  1.000001,  225445.8,      225446,     180320,      45126,     179433,        887,   1.147783,   2.400000,   3.100000,   4.000000,   0.844346,   0.035000,   5.925000, 835.119804
Outstanding requests per worker:
16 14 17 12 19 19 11 19 18 14 13 17 18 19 3 13 
  timeDiff,     rps,        requests,     gets,       sets,      hits,       misses,   avg_lat,      90th,      95th,        99th,       std,       min,        max,    avgGetSize
  1.000001,  225431.8,      225432,     180585,      44847,     179725,        860,   0.852551,   2.200000,   2.900000,   3.800000,   0.834917,   0.033000,   5.146000, 835.280090
Outstanding requests per worker:
8 14 15 21 10 29 18 13 15 21 15 13 8 15 16 17 
  timeDiff,     rps,        requests,     gets,       sets,      hits,       misses,   avg_lat,      90th,      95th,        99th,       std,       min,        max,    avgGetSize
  1.000001,  225522.8,      225523,     180380,      45143,     179497,        883,   0.594158,   1.200000,   2.000000,   3.100000,   0.586153,   0.036000,   4.927000, 835.545487
Outstanding requests per worker:
13 7 6 7 15 4 7 9 10 14 16 11 10 7 7 4 
  timeDiff,     rps,        requests,     gets,       sets,      hits,       misses,   avg_lat,      90th,      95th,        99th,       std,       min,        max,    avgGetSize
  1.000001,  225416.8,      225417,     180770,      44647,     179948,        822,   0.478840,   0.913100,   1.200000,   1.600000,   0.330498,   0.031000,  13.344000, 833.958041
Outstanding requests per worker:
9 12 11 7 8 11 12 10 13 9 13 12 13 13 9 8 
  timeDiff,     rps,        requests,     gets,       sets,      hits,       misses,   avg_lat,      90th,      95th,        99th,       std,       min,        max,    avgGetSize
  1.000001,  225580.8,      225581,     180526,      45055,     179701,        825,   0.436205,   0.804100,   0.979100,   1.500000,   0.284207,   0.032000,   8.251000, 835.737705
Outstanding requests per worker:
2 2 7 1 2 4 3 3 5 2 3 2 4 4 2 3 
  timeDiff,     rps,        requests,     gets,       sets,      hits,       misses,   avg_lat,      90th,      95th,        99th,       std,       min,        max,    avgGetSize
  1.000001,  225390.8,      225391,     180520,      44871,     179681,        839,   0.376498,   0.682100,   0.824100,   1.300000,   0.248787,   0.031000,   6.141000, 834.759456
Outstanding requests per worker:
2 6 7 8 2 8 9 5 2 2 1 11 2 10 4 1 
  timeDiff,     rps,        requests,     gets,       sets,      hits,       misses,   avg_lat,      90th,      95th,        99th,       std,       min,        max,    avgGetSize
  1.000001,  225414.8,      225415,     180116,      45299,     179246,        870,   0.428597,   0.786100,   0.956100,   1.400000,   0.268868,   0.032000,   7.374000, 836.215278
Outstanding requests per worker:
5 8 10 3 9 9 3 5 5 2 4 3 12 8 11 3 
  timeDiff,     rps,        requests,     gets,       sets,      hits,       misses,   avg_lat,      90th,      95th,        99th,       std,       min,        max,    avgGetSize
  1.000001,  225436.8,      225437,     180475,      44962,     179631,        844,   0.374663,   0.673100,   0.861100,   1.800000,   0.300417,   0.032000,   4.134000, 833.832930
Outstanding requests per worker:
2 5 5 2 5 3 2 7 8 3 3 4 2 7 3 6 
  timeDiff,     rps,        requests,     gets,       sets,      hits,       misses,   avg_lat,      90th,      95th,        99th,       std,       min,        max,    avgGetSize
  1.000001,  225366.8,      225367,     180479,      44888,     179599,        880,   0.478864,   0.864100,   1.100000,   1.800000,   0.322469,   0.032000,   6.905000, 834.371179
Outstanding requests per worker:
10 10 13 9 6 9 10 11 4 7 5 11 8 5 7 11 
  timeDiff,     rps,        requests,     gets,       sets,      hits,       misses,   avg_lat,      90th,      95th,        99th,       std,       min,        max,    avgGetSize
  1.000001,  225444.8,      225445,     180629,      44816,     179799,        830,   0.503596,   0.890100,   1.200000,   2.700000,   0.437995,   0.033000,   6.237000, 834.581136
Outstanding requests per worker:
10 4 4 7 4 3 5 9 12 6 4 5 5 6 5 9 
  timeDiff,     rps,        requests,     gets,       sets,      hits,       misses,   avg_lat,      90th,      95th,        99th,       std,       min,        max,    avgGetSize
  1.000001,  225481.8,      225482,     180297,      45185,     179435,        862,   0.513629,   1.100000,   1.500000,   2.200000,   0.431109,   0.032000,   3.321000, 835.534829
Outstanding requests per worker:
3 4 8 3 6 2 2 2 3 7 3 2 5 3 2 4 
  timeDiff,     rps,        requests,     gets,       sets,      hits,       misses,   avg_lat,      90th,      95th,        99th,       std,       min,        max,    avgGetSize
  1.000001,  225410.8,      225411,     180330,      45081,     179512,        818,   0.417565,   0.779100,   0.967100,   1.500000,   0.287491,   0.031000,   3.226000, 835.080902
Outstanding requests per worker:
6 4 5 5 1 3 6 4 3 5 1 7 1 2 6 3 
  timeDiff,     rps,        requests,     gets,       sets,      hits,       misses,   avg_lat,      90th,      95th,        99th,       std,       min,        max,    avgGetSize
  1.000001,  225333.8,      225334,     180268,      45066,     179448,        820,   0.516354,   0.924100,   1.200000,   1.800000,   0.326747,   0.034000,   3.288000, 835.314587
Outstanding requests per worker:
6 6 10 10 7 8 12 5 9 7 9 17 5 7 6 10 
  timeDiff,     rps,        requests,     gets,       sets,      hits,       misses,   avg_lat,      90th,      95th,        99th,       std,       min,        max,    avgGetSize
  1.000001,  225484.8,      225485,     180375,      45110,     179528,        847,   0.579041,   1.100000,   1.400000,   2.100000,   0.403944,   0.032000,   9.517000, 835.406315
Outstanding requests per worker:
2 3 8 2 4 2 2 7 10 1 2 2 4 4 3 3 
  timeDiff,     rps,        requests,     gets,       sets,      hits,       misses,   avg_lat,      90th,      95th,        99th,       std,       min,        max,    avgGetSize
  1.000001,  225374.8,      225375,     180371,      45004,     179483,        888,   0.852084,   1.800000,   2.300000,   3.200000,   0.690949,   0.034000,  12.394000, 835.611190
Outstanding requests per worker:
13 3 14 15 6 12 15 4 4 8 5 11 5 10 10 9 
  timeDiff,     rps,        requests,     gets,       sets,      hits,       misses,   avg_lat,      90th,      95th,        99th,       std,       min,        max,    avgGetSize
  1.000001,  225411.8,      225412,     180271,      45141,     179378,        893,   0.398837,   0.758100,   0.973100,   1.600000,   0.303574,   0.032000,   7.682000, 835.317367
Outstanding requests per worker:
2 12 10 8 15 14 13 16 12 12 7 8 13 6 11 16 
  timeDiff,     rps,        requests,     gets,       sets,      hits,       misses,   avg_lat,      90th,      95th,        99th,       std,       min,        max,    avgGetSize
  1.000001,  225493.8,      225494,     180365,      45129,     179480,        885,   0.507401,   0.924100,   1.200000,   2.100000,   0.377275,   0.036000,   7.051000, 834.257855
Outstanding requests per worker:
3 4 3 7 7 7 4 1 8 9 2 7 5 8 11 3 
  timeDiff,     rps,        requests,     gets,       sets,      hits,       misses,   avg_lat,      90th,      95th,        99th,       std,       min,        max,    avgGetSize
  1.000001,  225400.8,      225401,     180511,      44890,     179567,        944,   0.502824,   0.939100,   1.300000,   2.100000,   0.389314,   0.032000,   5.673000, 836.067060
Outstanding requests per worker:
3 7 8 3 11 3 6 2 8 6 10 4 17 7 7 15 
  timeDiff,     rps,        requests,     gets,       sets,      hits,       misses,   avg_lat,      90th,      95th,        99th,       std,       min,        max,    avgGetSize
  1.000001,  225417.8,      225418,     180411,      45007,     179593,        818,   0.549911,   1.100000,   1.300000,   1.700000,   0.355058,   0.036000,   6.918000, 835.242380
Outstanding requests per worker:
4 6 13 6 4 9 4 5 15 9 9 7 4 4 6 12 
  timeDiff,     rps,        requests,     gets,       sets,      hits,       misses,   avg_lat,      90th,      95th,        99th,       std,       min,        max,    avgGetSize
  1.000001,  224992.8,      224993,     180241,      44752,     179365,        876,   0.607484,   1.300000,   1.700000,   2.800000,   0.517207,   0.033000,   5.658000, 836.841179
Outstanding requests per worker:
12 40 46 12 44 47 8 47 39 28 32 20 3 23 5 19 
  timeDiff,     rps,        requests,     gets,       sets,      hits,       misses,   avg_lat,      90th,      95th,        99th,       std,       min,        max,    avgGetSize
  1.000001,  225370.8,      225371,     180193,      45178,     179380,        813,   0.701293,   1.500000,   2.100000,   2.900000,   0.592880,   0.035000,   5.445000, 834.965587
Outstanding requests per worker:
27 29 26 23 27 29 31 32 28 14 25 21 26 26 32 14 
  timeDiff,     rps,        requests,     gets,       sets,      hits,       misses,   avg_lat,      90th,      95th,        99th,       std,       min,        max,    avgGetSize
  1.000001,  225942.8,      225943,     180953,      44990,     180091,        862,   0.809642,   2.400000,   3.800000,   5.100000,   1.119565,   0.031000,   8.155000, 834.711411
Outstanding requests per worker:
2 3 6 2 2 6 2 3 5 5 3 4 1 4 6 1 
  timeDiff,     rps,        requests,     gets,       sets,      hits,       misses,   avg_lat,      90th,      95th,        99th,       std,       min,        max,    avgGetSize
  1.000001,  225145.8,      225146,     180401,      44745,     179489,        912,   0.386704,   0.697100,   0.835100,   1.200000,   0.229999,   0.033000,   2.617000, 834.816808
Outstanding requests per worker:
21 12 23 24 24 24 21 11 22 17 16 4 21 26 21 16 
  timeDiff,     rps,        requests,     gets,       sets,      hits,       misses,   avg_lat,      90th,      95th,        99th,       std,       min,        max,    avgGetSize
  1.000001,  225655.8,      225656,     180559,      45097,     179724,        835,   0.467206,   0.915100,   1.200000,   1.700000,   0.339284,   0.029000,  11.818000, 835.240597
Outstanding requests per worker:
3 5 7 7 5 8 4 3 8 6 7 5 6 6 3 4 
  timeDiff,     rps,        requests,     gets,       sets,      hits,       misses,   avg_lat,      90th,      95th,        99th,       std,       min,        max,    avgGetSize
  1.000001,  225415.8,      225416,     180351,      45065,     179489,        862,   0.376077,   0.694100,   0.840100,   1.200000,   0.239642,   0.030000,   2.682000, 835.392435
Outstanding requests per worker:
14 7 14 14 6 1 11 3 12 16 5 5 3 7 4 9 
  timeDiff,     rps,        requests,     gets,       sets,      hits,       misses,   avg_lat,      90th,      95th,        99th,       std,       min,        max,    avgGetSize
  1.000001,  225469.8,      225470,     179843,      45627,     179028,        815,   0.643754,   1.300000,   1.500000,   2.200000,   0.427167,   0.038000,   8.211000, 835.518385
Outstanding requests per worker:
7 8 8 2 5 8 2 9 5 2 6 3 2 8 4 4 
  timeDiff,     rps,        requests,     gets,       sets,      hits,       misses,   avg_lat,      90th,      95th,        99th,       std,       min,        max,    avgGetSize
  1.000001,  225194.8,      225195,     180337,      44858,     179453,        884,   0.948806,   2.000000,   2.500000,   3.300000,   0.721831,   0.032000,   8.516000, 835.259292
Outstanding requests per worker:
15 10 9 18 6 16 11 15 12 16 10 20 16 17 15 12 
  timeDiff,     rps,        requests,     gets,       sets,      hits,       misses,   avg_lat,      90th,      95th,        99th,       std,       min,        max,    avgGetSize
  1.000001,  225567.8,      225568,     180459,      45109,     179604,        855,   0.808086,   1.600000,   2.200000,   3.600000,   0.663283,   0.039000,   6.129000, 834.793853
Outstanding requests per worker:
5 7 7 11 4 8 9 8 7 8 10 9 3 9 6 9 
  timeDiff,     rps,        requests,     gets,       sets,      hits,       misses,   avg_lat,      90th,      95th,        99th,       std,       min,        max,    avgGetSize
  1.000001,  225425.8,      225426,     180635,      44791,     179778,        857,   0.734640,   1.600000,   2.300000,   3.200000,   0.631139,   0.031000,   6.529000, 835.993960
Outstanding requests per worker:
15 5 8 6 4 6 11 14 6 7 6 5 14 8 11 6 
  timeDiff,     rps,        requests,     gets,       sets,      hits,       misses,   avg_lat,      90th,      95th,        99th,       std,       min,        max,    avgGetSize
  1.000001,  225444.8,      225445,     180512,      44933,     179670,        842,   0.883626,   2.000000,   2.700000,   3.600000,   0.760942,   0.035000,   7.209000, 834.464667
Outstanding requests per worker:
7 3 6 10 6 6 5 8 5 6 6 6 6 6 6 6 
  timeDiff,     rps,        requests,     gets,       sets,      hits,       misses,   avg_lat,      90th,      95th,        99th,       std,       min,        max,    avgGetSize
  1.000001,  225225.8,      225226,     180288,      44938,     179430,        858,   0.798171,   1.800000,   2.500000,   3.500000,   0.731893,   0.034000,   5.940000, 834.453214
Outstanding requests per worker:
22 14 15 16 14 14 21 24 11 10 15 20 12 14 17 18 
  timeDiff,     rps,        requests,     gets,       sets,      hits,       misses,   avg_lat,      90th,      95th,        99th,       std,       min,        max,    avgGetSize
  1.000001,  225331.8,      225332,     180260,      45072,     179412,        848,   0.872567,   2.100000,   3.000000,   4.400000,   0.896212,   0.034000,   6.336000, 835.367536
Outstanding requests per worker:
19 23 22 27 14 17 10 22 28 15 19 10 35 31 11 28 
  timeDiff,     rps,        requests,     gets,       sets,      hits,       misses,   avg_lat,      90th,      95th,        99th,       std,       min,        max,    avgGetSize
  1.000001,  225716.8,      225717,     180695,      45022,     179867,        828,   0.592306,   1.200000,   1.400000,   2.000000,   0.394248,   0.032000,   4.531000, 834.901956
Outstanding requests per worker:
4 6 5 3 7 5 3 3 3 4 3 3 4 3 6 2 
  timeDiff,     rps,        requests,     gets,       sets,      hits,       misses,   avg_lat,      90th,      95th,        99th,       std,       min,        max,    avgGetSize
  1.000001,  225417.8,      225418,     180469,      44949,     179645,        824,   1.443594,   3.400000,   3.900000,   4.700000,   1.236307,   0.035000,   6.229000, 835.278186
Outstanding requests per worker:
2 2 1 4 3 4 3 3 2 3 3 3 4 3 3 1 
  timeDiff,     rps,        requests,     gets,       sets,      hits,       misses,   avg_lat,      90th,      95th,        99th,       std,       min,        max,    avgGetSize
  1.000001,  225396.8,      225397,     180359,      45038,     179555,        804,   0.462100,   0.802100,   1.100000,   2.400000,   0.387075,   0.033000,   5.065000, 835.716199
Outstanding requests per worker:
8 3 4 6 2 3 2 5 6 10 2 4 4 3 7 3 
  timeDiff,     rps,        requests,     gets,       sets,      hits,       misses,   avg_lat,      90th,      95th,        99th,       std,       min,        max,    avgGetSize
  1.000001,  225379.8,      225380,     180555,      44825,     179748,        807,   0.384134,   0.700000,   0.865100,   1.300000,   0.247397,   0.032000,   2.278000, 835.349412
Outstanding requests per worker:
2 10 8 6 3 11 4 8 6 8 5 11 7 6 9 6 
  timeDiff,     rps,        requests,     gets,       sets,      hits,       misses,   avg_lat,      90th,      95th,        99th,       std,       min,        max,    avgGetSize
  1.000001,  225446.8,      225447,     180153,      45294,     179274,        879,   0.433449,   0.805100,   1.100000,   1.800000,   0.329470,   0.032000,   3.658000, 834.218925
Outstanding requests per worker:
3 5 2 4 3 6 6 3 4 3 6 6 4 1 9 4 
  timeDiff,     rps,        requests,     gets,       sets,      hits,       misses,   avg_lat,      90th,      95th,        99th,       std,       min,        max,    avgGetSize
  1.000001,  225326.8,      225327,     179829,      45498,     178982,        847,   0.508478,   0.950100,   1.300000,   2.200000,   0.386569,   0.035000,  11.390000, 835.419037
Outstanding requests per worker:
7 13 9 11 10 8 8 8 11 10 7 11 7 9 15 6 
  timeDiff,     rps,        requests,     gets,       sets,      hits,       misses,   avg_lat,      90th,      95th,        99th,       std,       min,        max,    avgGetSize
  1.000001,  225544.8,      225545,     180491,      45054,     179630,        861,   0.676219,   1.400000,   2.000000,   4.000000,   0.701889,   0.034000,   5.701000, 835.429057
Outstanding requests per worker:
10 3 5 2 4 6 5 13 7 6 13 12 5 3 12 14 
  timeDiff,     rps,        requests,     gets,       sets,      hits,       misses,   avg_lat,      90th,      95th,        99th,       std,       min,        max,    avgGetSize
  1.000001,  225467.8,      225468,     180442,      45026,     179627,        815,   0.532669,   1.200000,   1.500000,   2.100000,   0.418413,   0.031000,   3.538000, 835.263581
Outstanding requests per worker:
3 7 12 3 7 4 9 4 3 4 5 3 2 5 10 11 
  timeDiff,     rps,        requests,     gets,       sets,      hits,       misses,   avg_lat,      90th,      95th,        99th,       std,       min,        max,    avgGetSize
  1.000001,  225322.8,      225323,     180015,      45308,     179107,        908,   0.439194,   0.812100,   1.100000,   1.600000,   0.310649,   0.032000,   9.795000, 833.967031
Outstanding requests per worker:
6 8 11 6 10 9 7 8 12 44 8 10 12 6 4 6 
  timeDiff,     rps,        requests,     gets,       sets,      hits,       misses,   avg_lat,      90th,      95th,        99th,       std,       min,        max,    avgGetSize
  1.000001,  224493.8,      224494,     179775,      44719,     178918,        857,   0.508685,   0.936100,   1.300000,   2.200000,   0.388806,   0.032000,   4.982000, 836.213851
Outstanding requests per worker:
32 33 37 37 36 33 38 37 30 28 36 37 35 35 32 32 
  timeDiff,     rps,        requests,     gets,       sets,      hits,       misses,   avg_lat,      90th,      95th,        99th,       std,       min,        max,    avgGetSize
  1.000001,  225368.8,      225369,     180009,      45360,     179176,        833,   0.773464,   1.600000,   2.200000,   3.600000,   0.683701,   0.034000,   7.650000, 835.464199
Outstanding requests per worker:
67 30 56 56 58 59 55 59 68 61 37 37 51 69 49 62 
  timeDiff,     rps,        requests,     gets,       sets,      hits,       misses,   avg_lat,      90th,      95th,        99th,       std,       min,        max,    avgGetSize
  1.000001,  226466.8,      226467,     181154,      45313,     180305,        849,   0.712779,   1.500000,   2.100000,   3.400000,   0.648317,   0.038000,   5.961000, 834.609680
Outstanding requests per worker:
3 4 10 3 3 13 6 5 7 8 13 11 10 4 7 2 
  timeDiff,     rps,        requests,     gets,       sets,      hits,       misses,   avg_lat,      90th,      95th,        99th,       std,       min,        max,    avgGetSize
  1.000001,  225462.8,      225463,     180161,      45302,     179312,        849,   0.612133,   1.400000,   2.100000,   3.000000,   0.607736,   0.031000,   8.373000, 835.991596
Outstanding requests per worker:
4 4 2 3 4 9 3 9 4 3 8 2 7 4 2 3 
  timeDiff,     rps,        requests,     gets,       sets,      hits,       misses,   avg_lat,      90th,      95th,        99th,       std,       min,        max,    avgGetSize
  1.000001,  225216.8,      225217,     179967,      45250,     179138,        829,   0.720111,   1.600000,   2.300000,   3.300000,   0.669521,   0.034000,   6.379000, 835.615418
Outstanding requests per worker:
24 8 25 15 11 24 24 5 7 25 15 4 18 8 12 23 
  timeDiff,     rps,        requests,     gets,       sets,      hits,       misses,   avg_lat,      90th,      95th,        99th,       std,       min,        max,    avgGetSize
  1.000001,  225513.8,      225514,     180253,      45261,     179408,        845,   0.483487,   0.929100,   1.300000,   2.300000,   0.419492,   0.034000,   4.581000, 836.004893
Outstanding requests per worker:
7 15 9 8 15 11 9 9 4 6 7 17 13 3 11 10 
  timeDiff,     rps,        requests,     gets,       sets,      hits,       misses,   avg_lat,      90th,      95th,        99th,       std,       min,        max,    avgGetSize
  1.000001,  225420.8,      225421,     180538,      44883,     179741,        797,   0.580863,   1.200000,   1.900000,   3.100000,   0.577258,   0.034000,   4.857000, 835.044013
Outstanding requests per worker:
5 15 11 18 6 8 13 5 6 7 8 12 5 8 9 5 
  timeDiff,     rps,        requests,     gets,       sets,      hits,       misses,   avg_lat,      90th,      95th,        99th,       std,       min,        max,    avgGetSize
  1.000001,  225441.8,      225442,     179897,      45545,     179134,        763,   0.749932,   1.700000,   2.500000,   4.100000,   0.777314,   0.031000,   6.281000, 836.784693
Outstanding requests per worker:
5 3 7 3 3 4 7 3 9 11 8 3 7 10 8 13 
  timeDiff,     rps,        requests,     gets,       sets,      hits,       misses,   avg_lat,      90th,      95th,        99th,       std,       min,        max,    avgGetSize
  1.000001,  225433.8,      225434,     180301,      45133,     179484,        817,   0.656612,   1.400000,   1.600000,   2.100000,   0.450852,   0.037000,   3.402000, 834.412144
Outstanding requests per worker:
3 4 10 3 5 1 4 4 4 10 13 3 4 16 3 3 
  timeDiff,     rps,        requests,     gets,       sets,      hits,       misses,   avg_lat,      90th,      95th,        99th,       std,       min,        max,    avgGetSize
  1.000001,  225425.8,      225426,     180357,      45069,     179529,        828,   0.484310,   0.874100,   1.100000,   1.600000,   0.309081,   0.033000,  10.653000, 836.101055
Outstanding requests per worker:
6 4 3 5 5 6 4 5 4 3 5 5 5 5 7 5 
  timeDiff,     rps,        requests,     gets,       sets,      hits,       misses,   avg_lat,      90th,      95th,        99th,       std,       min,        max,    avgGetSize
  1.000001,  225201.8,      225202,     180028,      45174,     179232,        796,   0.415084,   0.769100,   0.941100,   1.400000,   0.274519,   0.032000,   9.145000, 835.325799
Outstanding requests per worker:
15 20 24 12 20 18 12 23 23 13 22 17 30 18 16 14 
  timeDiff,     rps,        requests,     gets,       sets,      hits,       misses,   avg_lat,      90th,      95th,        99th,       std,       min,        max,    avgGetSize
  1.000001,  225610.8,      225611,     180460,      45151,     179648,        812,   0.520842,   1.100000,   1.400000,   2.200000,   0.412219,   0.034000,   9.204000, 834.749579
Outstanding requests per worker:
10 9 5 8 10 11 19 14 8 8 10 8 10 9 8 8 
  timeDiff,     rps,        requests,     gets,       sets,      hits,       misses,   avg_lat,      90th,      95th,        99th,       std,       min,        max,    avgGetSize
  1.000001,  225395.8,      225396,     180408,      44988,     179634,        774,   0.964222,   1.800000,   2.200000,   3.900000,   0.693188,   0.039000,   7.364000, 836.781695
Outstanding requests per worker:
9 6 13 7 16 5 7 14 6 6 14 11 14 10 11 12 
  timeDiff,     rps,        requests,     gets,       sets,      hits,       misses,   avg_lat,      90th,      95th,        99th,       std,       min,        max,    avgGetSize
  1.000001,  225491.8,      225492,     180252,      45240,     179458,        794,   0.742302,   1.700000,   2.100000,   2.800000,   0.631343,   0.031000,   7.745000, 836.029065
Outstanding requests per worker:
9 9 2 7 7 9 2 9 6 10 3 8 7 5 5 11 
  timeDiff,     rps,        requests,     gets,       sets,      hits,       misses,   avg_lat,      90th,      95th,        99th,       std,       min,        max,    avgGetSize
  1.000001,  225338.8,      225339,     180721,      44618,     179863,        858,   0.494318,   0.921100,   1.300000,   2.400000,   0.411773,   0.034000,   6.600000, 835.330139
Outstanding requests per worker:
2 9 19 18 4 12 12 15 17 14 5 7 5 9 21 12 
  timeDiff,     rps,        requests,     gets,       sets,      hits,       misses,   avg_lat,      90th,      95th,        99th,       std,       min,        max,    avgGetSize
  1.000001,  225469.8,      225470,     180461,      45009,     179574,        887,   0.609441,   1.200000,   1.600000,   2.300000,   0.443405,   0.033000,   4.987000, 834.611185
Outstanding requests per worker:
8 9 13 12 6 7 6 12 5 3 6 13 11 6 5 9 
  timeDiff,     rps,        requests,     gets,       sets,      hits,       misses,   avg_lat,      90th,      95th,        99th,       std,       min,        max,    avgGetSize
  1.000001,  225440.8,      225441,     180571,      44870,     179751,        820,   0.522682,   0.956100,   1.200000,   1.500000,   0.313140,   0.032000,   5.120000, 836.010583
Outstanding requests per worker:
9 8 9 9 2 10 10 4 4 12 7 7 2 1 6 8 
  timeDiff,     rps,        requests,     gets,       sets,      hits,       misses,   avg_lat,      90th,      95th,        99th,       std,       min,        max,    avgGetSize
  1.000001,  225388.8,      225389,     180515,      44874,     179681,        834,   0.808349,   1.600000,   2.600000,   4.000000,   0.775202,   0.033000,   6.671000, 833.771254
Outstanding requests per worker:
8 5 4 12 10 5 3 8 5 9 14 4 10 16 10 11 
  timeDiff,     rps,        requests,     gets,       sets,      hits,       misses,   avg_lat,      90th,      95th,        99th,       std,       min,        max,    avgGetSize
  1.000001,  225353.8,      225354,     180325,      45029,     179526,        799,   0.803007,   1.700000,   2.100000,   2.900000,   0.598511,   0.037000,   4.349000, 834.410049
Outstanding requests per worker:
14 12 7 11 7 11 11 9 8 12 18 11 13 8 9 7 
  timeDiff,     rps,        requests,     gets,       sets,      hits,       misses,   avg_lat,      90th,      95th,        99th,       std,       min,        max,    avgGetSize
  1.000001,  225455.8,      225456,     180362,      45094,     179550,        812,   0.632366,   1.300000,   1.700000,   2.400000,   0.475298,   0.032000,  10.347000, 836.545996
Outstanding requests per worker:
11 14 10 15 5 14 11 16 10 4 8 12 15 15 11 8 
  timeDiff,     rps,        requests,     gets,       sets,      hits,       misses,   avg_lat,      90th,      95th,        99th,       std,       min,        max,    avgGetSize
  1.000001,  225505.8,      225506,     180629,      44877,     179767,        862,   0.792643,   1.600000,   1.900000,   2.700000,   0.533970,   0.035000,   4.096000, 836.196414
Outstanding requests per worker:
5 9 7 13 7 5 11 7 15 9 7 14 5 7 11 3 
  timeDiff,     rps,        requests,     gets,       sets,      hits,       misses,   avg_lat,      90th,      95th,        99th,       std,       min,        max,    avgGetSize
  1.000001,  225481.8,      225482,     180314,      45168,     179526,        788,   0.541625,   1.100000,   1.400000,   2.000000,   0.402242,   0.032000,   9.329000, 835.696773
Outstanding requests per worker:
10 8 7 7 4 3 3 4 5 5 3 10 6 3 10 13 
  timeDiff,     rps,        requests,     gets,       sets,      hits,       misses,   avg_lat,      90th,      95th,        99th,       std,       min,        max,    avgGetSize
  1.000001,  225350.8,      225351,     180281,      45070,     179491,        790,   0.430180,   0.758100,   0.902100,   1.300000,   0.248574,   0.031000,   7.202000, 835.544849
Outstanding requests per worker:
11 7 2 15 7 7 5 7 8 7 6 5 4 3 4 9 
  timeDiff,     rps,        requests,     gets,       sets,      hits,       misses,   avg_lat,      90th,      95th,        99th,       std,       min,        max,    avgGetSize
  1.000001,  225502.8,      225503,     180212,      45291,     179420,        792,   0.437840,   0.775100,   0.951100,   1.400000,   0.272494,   0.035000,   6.886000, 836.057216
Outstanding requests per worker:
3 3 7 2 1 2 4 3 4 4 3 4 7 5 2 2 
  timeDiff,     rps,        requests,     gets,       sets,      hits,       misses,   avg_lat,      90th,      95th,        99th,       std,       min,        max,    avgGetSize
  1.000001,  225369.8,      225370,     180251,      45119,     179426,        825,   0.460496,   0.832100,   0.993100,   1.400000,   0.272343,   0.034000,   5.887000, 835.382328
Outstanding requests per worker:
11 2 12 8 3 5 6 5 10 3 1 4 3 13 11 4 
  timeDiff,     rps,        requests,     gets,       sets,      hits,       misses,   avg_lat,      90th,      95th,        99th,       std,       min,        max,    avgGetSize
  1.000001,  225441.8,      225442,     180318,      45124,     179520,        798,   0.473862,   0.840100,   1.100000,   2.400000,   0.399579,   0.034000,   5.939000, 835.162457
Outstanding requests per worker:
3 3 16 3 5 8 9 2 5 4 5 2 5 6 3 3 
  timeDiff,     rps,        requests,     gets,       sets,      hits,       misses,   avg_lat,      90th,      95th,        99th,       std,       min,        max,    avgGetSize
  1.000001,  225377.8,      225378,     180484,      44894,     179661,        823,   0.707969,   1.400000,   1.800000,   2.500000,   0.492492,   0.034000,   6.627000, 835.293151
Outstanding requests per worker:
5 4 10 2 3 7 5 13 4 6 9 11 6 3 3 3 
  timeDiff,     rps,        requests,     gets,       sets,      hits,       misses,   avg_lat,      90th,      95th,        99th,       std,       min,        max,    avgGetSize
  1.000001,  225399.8,      225400,     180314,      45086,     179502,        812,   0.827607,   1.700000,   2.400000,   3.600000,   0.692912,   0.033000,   5.513000, 836.239765
Outstanding requests per worker:
8 13 5 3 3 4 8 11 13 12 14 6 5 6 8 10 
  timeDiff,     rps,        requests,     gets,       sets,      hits,       misses,   avg_lat,      90th,      95th,        99th,       std,       min,        max,    avgGetSize
  1.000001,  225424.8,      225425,     180302,      45123,     179536,        766,   0.692681,   1.300000,   1.600000,   2.100000,   0.419537,   0.034000,   3.465000, 835.747390
Outstanding requests per worker:
8 7 3 5 7 5 5 7 14 7 6 8 7 11 5 15 
  timeDiff,     rps,        requests,     gets,       sets,      hits,       misses,   avg_lat,      90th,      95th,        99th,       std,       min,        max,    avgGetSize
  1.000001,  225422.8,      225423,     180201,      45222,     179379,        822,   0.430381,   0.775100,   0.938100,   1.400000,   0.263570,   0.030000,   3.367000, 835.469182
Outstanding requests per worker:
4 3 7 3 3 7 3 8 5 7 4 6 6 6 3 3 
  timeDiff,     rps,        requests,     gets,       sets,      hits,       misses,   avg_lat,      90th,      95th,        99th,       std,       min,        max,    avgGetSize
  1.000001,  225445.8,      225446,     180199,      45247,     179401,        798,   0.543458,   0.975100,   1.300000,   2.400000,   0.409492,   0.035000,   5.212000, 835.157753
Outstanding requests per worker:
7 7 3 1 3 5 5 7 5 7 7 3 3 6 5 4 
  timeDiff,     rps,        requests,     gets,       sets,      hits,       misses,   avg_lat,      90th,      95th,        99th,       std,       min,        max,    avgGetSize
  1.000001,  225083.8,      225084,     179996,      45088,     179159,        837,   0.575857,   1.100000,   1.400000,   1.900000,   0.382295,   0.035000,   8.643000, 834.911081
Outstanding requests per worker:
20 22 27 24 16 26 20 16 21 22 23 11 26 24 23 18 
  timeDiff,     rps,        requests,     gets,       sets,      hits,       misses,   avg_lat,      90th,      95th,        99th,       std,       min,        max,    avgGetSize
  1.000001,  225468.8,      225469,     180346,      45123,     179574,        772,   0.735980,   1.500000,   1.800000,   2.500000,   0.509918,   0.037000,   4.612000, 835.424068
Outstanding requests per worker:
19 8 10 20 35 15 16 16 20 26 41 15 29 11 17 11 
  timeDiff,     rps,        requests,     gets,       sets,      hits,       misses,   avg_lat,      90th,      95th,        99th,       std,       min,        max,    avgGetSize
  1.000001,  225766.8,      225767,     180431,      45336,     179677,        754,   0.718270,   1.400000,   1.800000,   2.800000,   0.548423,   0.034000,   7.879000, 834.868421
Outstanding requests per worker:
4 2 10 4 3 7 4 4 4 5 4 2 5 3 8 3 
  timeDiff,     rps,        requests,     gets,       sets,      hits,       misses,   avg_lat,      90th,      95th,        99th,       std,       min,        max,    avgGetSize
  1.000001,  225145.8,      225146,     180241,      44905,     179444,        797,   0.509146,   0.914100,   1.200000,   1.800000,   0.333415,   0.034000,   9.157000, 836.236234
Outstanding requests per worker:
6 19 18 20 19 14 27 5 19 17 14 20 21 22 32 25 
  timeDiff,     rps,        requests,     gets,       sets,      hits,       misses,   avg_lat,      90th,      95th,        99th,       std,       min,        max,    avgGetSize
  1.000001,  225538.8,      225539,     181207,      44332,     180456,        751,   0.624494,   1.200000,   1.500000,   2.100000,   0.415875,   0.034000,   8.283000, 835.313249
Outstanding requests per worker:
20 21 12 16 4 18 3 6 4 13 18 7 14 14 16 18 
  timeDiff,     rps,        requests,     gets,       sets,      hits,       misses,   avg_lat,      90th,      95th,        99th,       std,       min,        max,    avgGetSize
  1.000001,  225574.8,      225575,     180389,      45186,     179547,        842,   0.484733,   0.902100,   1.200000,   1.700000,   0.329317,   0.033000,   5.812000, 835.017529
Outstanding requests per worker:
11 7 7 4 2 1 6 1 2 10 3 5 4 9 2 3 
  timeDiff,     rps,        requests,     gets,       sets,      hits,       misses,   avg_lat,      90th,      95th,        99th,       std,       min,        max,    avgGetSize
  1.000001,  225369.8,      225370,     180315,      45055,     179507,        808,   0.480721,   0.848100,   1.200000,   2.600000,   0.428098,   0.032000,   4.780000, 835.520461
Outstanding requests per worker:
5 12 4 6 6 7 12 3 6 5 7 3 9 7 2 15 
  timeDiff,     rps,        requests,     gets,       sets,      hits,       misses,   avg_lat,      90th,      95th,        99th,       std,       min,        max,    avgGetSize
  1.000001,  225441.8,      225442,     180650,      44792,     179821,        829,   0.508713,   1.100000,   1.400000,   1.800000,   0.381980,   0.030000,   5.429000, 835.796850
Outstanding requests per worker:
4 4 4 6 8 5 2 3 6 3 7 2 2 4 5 3 
  timeDiff,     rps,        requests,     gets,       sets,      hits,       misses,   avg_lat,      90th,      95th,        99th,       std,       min,        max,    avgGetSize
  1.000001,  225398.8,      225399,     180099,      45300,     179289,        810,   0.567070,   1.300000,   1.700000,   2.300000,   0.473703,   0.033000,   3.461000, 835.424500
Outstanding requests per worker:
3 3 4 4 3 14 10 3 15 2 6 2 7 4 3 7 
  timeDiff,     rps,        requests,     gets,       sets,      hits,       misses,   avg_lat,      90th,      95th,        99th,       std,       min,        max,    avgGetSize
  1.000001,  225354.8,      225355,     180150,      45205,     179308,        842,   0.675567,   1.400000,   2.300000,   3.600000,   0.677380,   0.035000,   5.015000, 835.299067
Outstanding requests per worker:
17 4 11 5 18 18 10 4 7 3 7 8 17 21 5 4 
  timeDiff,     rps,        requests,     gets,       sets,      hits,       misses,   avg_lat,      90th,      95th,        99th,       std,       min,        max,    avgGetSize
  1.000001,  225484.8,      225485,     180417,      45068,     179621,        796,   0.394247,   0.719100,   0.886100,   1.500000,   0.267642,   0.033000,   3.172000, 836.655897
Outstanding requests per worker:
2 8 3 2 11 3 5 14 2 3 11 3 5 2 5 11 
  timeDiff,     rps,        requests,     gets,       sets,      hits,       misses,   avg_lat,      90th,      95th,        99th,       std,       min,        max,    avgGetSize
  1.000001,  225207.8,      225208,     180314,      44894,     179450,        864,   0.552081,   1.100000,   1.500000,   2.700000,   0.479860,   0.034000,  10.024000, 834.421875
Outstanding requests per worker:
12 13 7 24 25 14 6 10 17 31 11 23 20 20 19 22 
  timeDiff,     rps,        requests,     gets,       sets,      hits,       misses,   avg_lat,      90th,      95th,        99th,       std,       min,        max,    avgGetSize
  1.000001,  225679.8,      225680,     180194,      45486,     179429,        765,   0.773551,   1.700000,   2.600000,   4.500000,   0.836324,   0.029000,   9.700000, 835.237039
Outstanding requests per worker:
4 4 5 6 4 3 4 3 7 8 4 5 7 4 6 8 
  timeDiff,     rps,        requests,     gets,       sets,      hits,       misses,   avg_lat,      90th,      95th,        99th,       std,       min,        max,    avgGetSize
  1.000001,  225304.8,      225305,     179923,      45382,     179115,        808,   0.561773,   1.200000,   1.800000,   2.700000,   0.527017,   0.034000,   7.765000, 834.326401
Outstanding requests per worker:
12 14 29 14 7 13 4 13 10 7 25 11 7 14 15 11 
  timeDiff,     rps,        requests,     gets,       sets,      hits,       misses,   avg_lat,      90th,      95th,        99th,       std,       min,        max,    avgGetSize
  1.000001,  225560.8,      225561,     180498,      45063,     179711,        787,   0.458818,   0.848100,   1.200000,   2.500000,   0.420004,   0.033000,   4.302000, 835.593475
Outstanding requests per worker:
2 4 4 8 3 11 2 4 3 7 4 2 3 6 3 4 
  timeDiff,     rps,        requests,     gets,       sets,      hits,       misses,   avg_lat,      90th,      95th,        99th,       std,       min,        max,    avgGetSize
  1.000001,  225326.8,      225327,     180156,      45171,     179372,        784,   0.810520,   2.200000,   2.900000,   3.700000,   0.846279,   0.034000,  11.991000, 835.189319
Outstanding requests per worker:
6 13 2 11 9 4 9 13 11 11 10 8 14 13 7 8 
  timeDiff,     rps,        requests,     gets,       sets,      hits,       misses,   avg_lat,      90th,      95th,        99th,       std,       min,        max,    avgGetSize
  1.000001,  219978.8,      219979,     176183,      43796,     175350,        833,   2.553136,   4.700000,   5.300000,   6.600000,   1.650734,   0.038000,   9.963000, 834.460612
Outstanding requests per worker:
75 76 75 26 68 62 47 17 64 36 25 65 50 64 64 56 
  timeDiff,     rps,        requests,     gets,       sets,      hits,       misses,   avg_lat,      90th,      95th,        99th,       std,       min,        max,    avgGetSize
  1.000001,  209774.8,      209775,     167687,      42088,     166951,        736,   4.847928,   7.500000,   8.100000,   9.200000,   1.994030,   0.037000,  14.571000, 835.779076
Outstanding requests per worker:
93 91 92 67 91 62 69 42 89 53 54 86 47 84 84 37 
  timeDiff,     rps,        requests,     gets,       sets,      hits,       misses,   avg_lat,      90th,      95th,        99th,       std,       min,        max,    avgGetSize
  1.000001,  208954.8,      208955,     167256,      41699,     166509,        747,   5.817825,   8.300000,   8.900000,  10.200000,   2.068643,   0.041000,  15.555000, 835.323779
Outstanding requests per worker:
99 101 101 90 71 73 89 39 31 85 48 96 78 92 95 8 
  timeDiff,     rps,        requests,     gets,       sets,      hits,       misses,   avg_lat,      90th,      95th,        99th,       std,       min,        max,    avgGetSize
  1.000001,  208589.8,      208590,     166785,      41805,     166075,        710,   6.231423,   8.800000,   9.300000,  11.000000,   2.141698,   0.042000,  17.583000, 835.323944
Outstanding requests per worker:
103 63 105 99 53 92 94 87 51 85 59 101 90 98 102 78 
  timeDiff,     rps,        requests,     gets,       sets,      hits,       misses,   avg_lat,      90th,      95th,        99th,       std,       min,        max,    avgGetSize
  1.000001,  210217.8,      210218,     168056,      42162,     167312,        744,   6.626793,   8.800000,   9.500000,  10.900000,   1.855037,   0.037000,  17.802000, 836.072625
Outstanding requests per worker:
106 89 105 106 89 100 94 98 35 95 83 102 21 101 102 87 
  timeDiff,     rps,        requests,     gets,       sets,      hits,       misses,   avg_lat,      90th,      95th,        99th,       std,       min,        max,    avgGetSize
  1.000001,  209757.8,      209758,     167637,      42121,     166887,        750,   6.908776,   9.000000,   9.700000,  12.000000,   1.905068,   0.034000,  18.042000, 835.336131
Outstanding requests per worker:
107 91 41 108 99 103 99 105 75 98 85 41 59 103 103 94 
  timeDiff,     rps,        requests,     gets,       sets,      hits,       misses,   avg_lat,      90th,      95th,        99th,       std,       min,        max,    avgGetSize
  1.000001,  210818.8,      210819,     168430,      42389,     167670,        760,   6.979805,   9.300000,  10.000000,  12.100000,   1.931045,   0.050000,  18.502001, 833.952206
Outstanding requests per worker:
112 96 82 110 104 107 101 106 87 98 90 76 52 107 104 97 
