Got 26024289 ratings from 270896 users on 45115 movies.
Training: 15620330, validation: 5201747, test: 5202223
RMSE (validation) = 0.823459461437947 for the model trained with rank = 8, lambda = 0.1, and numIter = 10.
RMSE (validation) = 0.822309322938698 for the model trained with rank = 8, lambda = 0.1, and numIter = 20.
RMSE (validation) = 3.680341128910692 for the model trained with rank = 8, lambda = 10.0, and numIter = 10.
RMSE (validation) = 3.680341128910692 for the model trained with rank = 8, lambda = 10.0, and numIter = 20.
RMSE (validation) = 0.8202769123859333 for the model trained with rank = 12, lambda = 0.1, and numIter = 10.
RMSE (validation) = 0.8174014796787579 for the model trained with rank = 12, lambda = 0.1, and numIter = 20.
RMSE (validation) = 3.680341128910692 for the model trained with rank = 12, lambda = 10.0, and numIter = 10.
RMSE (validation) = 3.680341128910692 for the model trained with rank = 12, lambda = 10.0, and numIter = 20.
The best model was trained with rank = 12 and lambda = 0.1, and numIter = 20, and its RMSE on the test set is 0.817136888508471.
The best model improves the baseline by 23.28%.
Movies recommended for you:
 1: Pearl Jam: Immagine in Cornice - Live in Italy 2006 (2007)
 2: Hamoun (1990)
 3: Fantastic Lies (2016)
 4: The Great American Girl Robbery (1979)
 5: The Marquis (2011)
 6: Tintin and the Lake of Sharks (1972)
 7: Sex Is Zero (2002)
 8: Love Life (2001)
 9: Monster High: Fright On! (2011)
10: Love Is Blind (2013)
11: The Story of Asya Klyachina (1966)
12: Heaven Is a Playground (1991)
13: Frankenstein Conquers the World (1965)
14: "Mahabharata
15: The Immoral Mr. Teas (1959)
16: Estamos Juntos (2011)
17: Last Day of Summer (2009)
18: Jeff Dunham: Arguing with Myself (2006)
19: More Brains! A Return to the Living Dead (2011)
20: The War at Home (1979)
21: The Prodigies (2011)
22: "2013 Rock and Roll Hall of Fame Induction Ceremony
23: PSYCHO-PASS: The Movie (2016)
24: UFO - Distruggete base Luna! (1971)
25: Scavenger Hunt (1979)
26: Pizza (2012)
27: Atharintiki Daaredi (2013)
28: Female Vampire (Les avaleuses) (Erotic Kill) (1973)
29: A Year in Burgundy (2013)
30: The Keepers (2017)
31: Daisy Town (1971)
32: Far Out Man (1990)
33: Beltracchi - The Art of the Forgery (2014)
34: Farmageddon (2011)
35: Patient Zero (2017)
36: Prince of Jutland (a.k.a. Royal Deceit) (1994)
37: Tr?mulo (2015)
38: Rio Diablo (1993)
39: Emmanuelle 5 (1987)
40: "Tramp
41: Spine Tingler!  The William Castle Story (2007)
42: Susie Q (1996)
43: Here Without Me (Inja bedoone man) (2011)
44: The Spacewalker (2017)
45: 1 (2014)
46: Bugcrush (2006)
47: Scooby-Doo! Frankencreepy (2014)
48: Jeff Dunham: Jeff Dunham's Very Special Christmas Special (2008)
49: Extreme Private Eros: Love Song 1974 (1974)
50: Steal This Film II (2007)
Benchmark execution time: 740683ms
