Got 26024289 ratings from 270896 users on 45115 movies.
Training: 15620330, validation: 5201747, test: 5202223
RMSE (validation) = 0.8223110169798926 for the model trained with rank = 8, lambda = 0.1, and numIter = 10.
RMSE (validation) = 0.8210574170271413 for the model trained with rank = 8, lambda = 0.1, and numIter = 20.
RMSE (validation) = 3.680341128910692 for the model trained with rank = 8, lambda = 10.0, and numIter = 10.
RMSE (validation) = 3.680341128910692 for the model trained with rank = 8, lambda = 10.0, and numIter = 20.
RMSE (validation) = 0.8184100414186475 for the model trained with rank = 12, lambda = 0.1, and numIter = 10.
RMSE (validation) = 0.8171945564383784 for the model trained with rank = 12, lambda = 0.1, and numIter = 20.
RMSE (validation) = 3.680341128910692 for the model trained with rank = 12, lambda = 10.0, and numIter = 10.
RMSE (validation) = 3.680341128910692 for the model trained with rank = 12, lambda = 10.0, and numIter = 20.
The best model was trained with rank = 12 and lambda = 0.1, and numIter = 20, and its RMSE on the test set is 0.8169274220956311.
The best model improves the baseline by 23.30%.
Movies recommended for you:
 1: Hamoun (1990)
 2: The Story of Asya Klyachina (1966)
 3: Atharintiki Daaredi (2013)
 4: Pearl Jam: Immagine in Cornice - Live in Italy 2006 (2007)
 5: Scavenger Hunt (1979)
 6: Kokoko (2012)
 7: The Marquis (2011)
 8: Estamos Juntos (2011)
 9: Tintin and the Lake of Sharks (1972)
10: Frankenstein Conquers the World (1965)
11: Female Vampire (Les avaleuses) (Erotic Kill) (1973)
12: The Prodigies (2011)
13: Jellyfish Eyes (2013)
14: The Keepers (2017)
15: Duplicate (1998)
16: Heaven Is a Playground (1991)
17: Punk Vacation (1987)
18: Losing the North (2015)
19: Love Life (2001)
20: The Boss's Daughter (2016)
21: "Mahabharata
22: 1 (2014)
23: Love Is Blind (2013)
24: The Immoral Mr. Teas (1959)
25: Patient Zero (2017)
26: UFO - Distruggete base Luna! (1971)
27: Sex Is Zero (2002)
28: Far Out Man (1990)
29: Lost in a Harem (1944)
30: "Passion of Ayn Rand
31: Tr?mulo (2015)
32: Rio Diablo (1993)
33: Zerophilia (2005)
34: Loser Takes All! (Qui perd gagne !) (2003)
35: Daisy Town (1971)
36: Salam Neighbor (2015)
37: Heroes Shed No Tears (1986)
38: Vampyres (1974)
39: Last Day of Summer (2009)
40: A Year in Burgundy (2013)
41: Rasputin (1996)
42: "Tramp
43: Ahora o nunca (2015)
44: Monster High: Fright On! (2011)
45: PSYCHO-PASS: The Movie (2016)
46: Jimi Plays Monterey (1986)
47: The Great American Girl Robbery (1979)
48: "2013 Rock and Roll Hall of Fame Induction Ceremony
49: The Kids Are Alright (1979)
50: Mamitas (2011)
Benchmark execution time: 710425ms
