Got 26024289 ratings from 270896 users on 45115 movies.
Training: 15620330, validation: 5201747, test: 5202223
RMSE (validation) = 0.8198443866357453 for the model trained with rank = 8, lambda = 0.1, and numIter = 10.
RMSE (validation) = 0.8215685954719342 for the model trained with rank = 8, lambda = 0.1, and numIter = 20.
RMSE (validation) = 3.680341128910692 for the model trained with rank = 8, lambda = 10.0, and numIter = 10.
RMSE (validation) = 3.680341128910692 for the model trained with rank = 8, lambda = 10.0, and numIter = 20.
RMSE (validation) = 0.8174956369095897 for the model trained with rank = 12, lambda = 0.1, and numIter = 10.
RMSE (validation) = 0.8165111536816202 for the model trained with rank = 12, lambda = 0.1, and numIter = 20.
RMSE (validation) = 3.680341128910692 for the model trained with rank = 12, lambda = 10.0, and numIter = 10.
RMSE (validation) = 3.680341128910692 for the model trained with rank = 12, lambda = 10.0, and numIter = 20.
The best model was trained with rank = 12 and lambda = 0.1, and numIter = 20, and its RMSE on the test set is 0.8162062856059082.
The best model improves the baseline by 23.36%.
Movies recommended for you:
 1: Hamoun (1990)
 2: Pearl Jam: Immagine in Cornice - Live in Italy 2006 (2007)
 3: Sex Is Zero (2002)
 4: The Marquis (2011)
 5: The Story of Asya Klyachina (1966)
 6: Tintin and the Lake of Sharks (1972)
 7: Atharintiki Daaredi (2013)
 8: Fantastic Lies (2016)
 9: Lavalantula (2015)
10: Love Life (2001)
11: Frankenstein Conquers the World (1965)
12: Heaven Is a Playground (1991)
13: The Keepers (2017)
14: Monster High: Fright On! (2011)
15: The Immoral Mr. Teas (1959)
16: The Great American Girl Robbery (1979)
17: Estamos Juntos (2011)
18: The Prodigies (2011)
19: 1 (2014)
20: More Brains! A Return to the Living Dead (2011)
21: "Mahabharata
22: Shock Head Soul (2011)
23: "2013 Rock and Roll Hall of Fame Induction Ceremony
24: PSYCHO-PASS: The Movie (2016)
25: UFO - Distruggete base Luna! (1971)
26: Daisy Town (1971)
27: Love Is Blind (2013)
28: Last Day of Summer (2009)
29: Far Out Man (1990)
30: Rio Diablo (1993)
31: Lost in a Harem (1944)
32: Tr?mulo (2015)
33: Female Vampire (Les avaleuses) (Erotic Kill) (1973)
34: Jeff Dunham: Arguing with Myself (2006)
35: Duplicate (1998)
36: Losing the North (2015)
37: A Year in Burgundy (2013)
38: Lemonade Mouth (2011)
39: Spine Tingler!  The William Castle Story (2007)
40: Foo Fighters: Back and Forth (2011)
41: Farmageddon (2011)
42: Patient Zero (2017)
43: Tank 432 (2015)
44: Susie Q (1996)
45: Ali Baba Bunny (1957)
46: A Journey into Bliss (2004)
47: Terug Naar Morgen (2015)
48: Garage Olimpo (1999)
49: Rasputin (1996)
50: Just Write (1997)
Benchmark execution time: 675868ms
