Got 26024289 ratings from 270896 users on 45115 movies.
Training: 15620330, validation: 5201747, test: 5202223
RMSE (validation) = 0.8219035978354853 for the model trained with rank = 8, lambda = 0.1, and numIter = 10.
RMSE (validation) = 0.8208228486605483 for the model trained with rank = 8, lambda = 0.1, and numIter = 20.
RMSE (validation) = 3.680341128910692 for the model trained with rank = 8, lambda = 10.0, and numIter = 10.
RMSE (validation) = 3.680341128910692 for the model trained with rank = 8, lambda = 10.0, and numIter = 20.
RMSE (validation) = 0.8217520083657411 for the model trained with rank = 12, lambda = 0.1, and numIter = 10.
RMSE (validation) = 0.8176705104318188 for the model trained with rank = 12, lambda = 0.1, and numIter = 20.
RMSE (validation) = 3.680341128910692 for the model trained with rank = 12, lambda = 10.0, and numIter = 10.
RMSE (validation) = 3.680341128910692 for the model trained with rank = 12, lambda = 10.0, and numIter = 20.
The best model was trained with rank = 12 and lambda = 0.1, and numIter = 20, and its RMSE on the test set is 0.8173859180034007.
The best model improves the baseline by 23.25%.
Movies recommended for you:
 1: Hamoun (1990)
 2: Pearl Jam: Immagine in Cornice - Live in Italy 2006 (2007)
 3: The Keepers (2017)
 4: Fantastic Lies (2016)
 5: The Great American Girl Robbery (1979)
 6: 1 (2014)
 7: Female Vampire (Les avaleuses) (Erotic Kill) (1973)
 8: The Marquis (2011)
 9: Frankenstein Conquers the World (1965)
10: Lavalantula (2015)
11: Love Life (2001)
12: Tintin and the Lake of Sharks (1972)
13: Estamos Juntos (2011)
14: Heaven Is a Playground (1991)
15: The War at Home (1979)
16: Atharintiki Daaredi (2013)
17: Sex Is Zero (2002)
18: UFO - Distruggete base Luna! (1971)
19: Daisy Town (1971)
20: The Story of Asya Klyachina (1966)
21: Alien Tornado (2012)
22: More Brains! A Return to the Living Dead (2011)
23: Far Out Man (1990)
24: Lemonade Mouth (2011)
25: Monster High: Fright On! (2011)
26: The Prodigies (2011)
27: The Immoral Mr. Teas (1959)
28: Heroes Shed No Tears (1986)
29: Vampyres (1974)
30: Seven Dwarfs (2004)
31: Rio Diablo (1993)
32: PSYCHO-PASS: The Movie (2016)
33: "Mahabharata
34: "2013 Rock and Roll Hall of Fame Induction Ceremony
35: Emmanuelle 5 (1987)
36: "Stolen Collection
37: Drive (1997)
38: With Great Power: The Stan Lee Story (2012)
39: Tiger Orange (2014)
40: Last Day of Summer (2009)
41: Love Is Blind (2013)
42: Don't You Forget About Me (2009)
43: Jeff Dunham: Arguing with Myself (2006)
44: Susie Q (1996)
45: Tr?mulo (2015)
46: Losing the North (2015)
47: Mixed Kebab (2012)
48: Patient Zero (2017)
49: Twisted Seduction (2010)
50: Prince of Jutland (a.k.a. Royal Deceit) (1994)
Benchmark execution time: 739567ms
