Got 26024289 ratings from 270896 users on 45115 movies.
Training: 15620330, validation: 5201747, test: 5202223
RMSE (validation) = 0.8222520555129396 for the model trained with rank = 8, lambda = 0.1, and numIter = 10.
RMSE (validation) = 0.821891774950323 for the model trained with rank = 8, lambda = 0.1, and numIter = 20.
RMSE (validation) = 3.680341128910692 for the model trained with rank = 8, lambda = 10.0, and numIter = 10.
RMSE (validation) = 3.680341128910692 for the model trained with rank = 8, lambda = 10.0, and numIter = 20.
RMSE (validation) = 0.8244792827833015 for the model trained with rank = 12, lambda = 0.1, and numIter = 10.
RMSE (validation) = 0.8176173720813076 for the model trained with rank = 12, lambda = 0.1, and numIter = 20.
RMSE (validation) = 3.680341128910692 for the model trained with rank = 12, lambda = 10.0, and numIter = 10.
RMSE (validation) = 3.680341128910692 for the model trained with rank = 12, lambda = 10.0, and numIter = 20.
The best model was trained with rank = 12 and lambda = 0.1, and numIter = 20, and its RMSE on the test set is 0.8173422607235269.
The best model improves the baseline by 23.26%.
Movies recommended for you:
 1: Hamoun (1990)
 2: Pearl Jam: Immagine in Cornice - Live in Italy 2006 (2007)
 3: The Story of Asya Klyachina (1966)
 4: The Great American Girl Robbery (1979)
 5: Atharintiki Daaredi (2013)
 6: The Immoral Mr. Teas (1959)
 7: Tintin and the Lake of Sharks (1972)
 8: Estamos Juntos (2011)
 9: The Marquis (2011)
10: Sex Is Zero (2002)
11: Frankenstein Conquers the World (1965)
12: The Prodigies (2011)
13: Love Life (2001)
14: Monster High: Fright On! (2011)
15: Losing the North (2015)
16: Heaven Is a Playground (1991)
17: Kokoko (2012)
18: Female Vampire (Les avaleuses) (Erotic Kill) (1973)
19: Fantastic Lies (2016)
20: Lavalantula (2015)
21: UFO - Distruggete base Luna! (1971)
22: 1 (2014)
23: PSYCHO-PASS: The Movie (2016)
24: Last Day of Summer (2009)
25: Jellyfish Eyes (2013)
26: The Keepers (2017)
27: More Brains! A Return to the Living Dead (2011)
28: "Mahabharata
29: The Boss's Daughter (2016)
30: Love Is Blind (2013)
31: Duplicate (1998)
32: Far Out Man (1990)
33: "2013 Rock and Roll Hall of Fame Induction Ceremony
34: Emmanuelle 5 (1987)
35: Rasputin (1996)
36: Patient Zero (2017)
37: Daisy Town (1971)
38: Rio Diablo (1993)
39: Lost in a Harem (1944)
40: Zerophilia (2005)
41: Special Section (1975)
42: Mixed Kebab (2012)
43: Garage Olimpo (1999)
44: Tr?mulo (2015)
45: Here Without Me (Inja bedoone man) (2011)
46: Lemonade Mouth (2011)
47: Desierto (2016)
48: Mad Ron's Prevues from Hell (1987)
49: Varalaru (2006)
50: "Stolen Collection
Benchmark execution time: 696194ms
