Got 26024289 ratings from 270896 users on 45115 movies.
Training: 15620330, validation: 5201747, test: 5202223
RMSE (validation) = 0.822006116739882 for the model trained with rank = 8, lambda = 0.1, and numIter = 10.
RMSE (validation) = 0.8222018350980385 for the model trained with rank = 8, lambda = 0.1, and numIter = 20.
RMSE (validation) = 3.680341128910692 for the model trained with rank = 8, lambda = 10.0, and numIter = 10.
RMSE (validation) = 3.680341128910692 for the model trained with rank = 8, lambda = 10.0, and numIter = 20.
RMSE (validation) = 0.8204465268894982 for the model trained with rank = 12, lambda = 0.1, and numIter = 10.
RMSE (validation) = 0.8171770725789108 for the model trained with rank = 12, lambda = 0.1, and numIter = 20.
RMSE (validation) = 3.680341128910692 for the model trained with rank = 12, lambda = 10.0, and numIter = 10.
RMSE (validation) = 3.680341128910692 for the model trained with rank = 12, lambda = 10.0, and numIter = 20.
The best model was trained with rank = 12 and lambda = 0.1, and numIter = 20, and its RMSE on the test set is 0.8168655094842647.
The best model improves the baseline by 23.30%.
Movies recommended for you:
 1: Hamoun (1990)
 2: The Story of Asya Klyachina (1966)
 3: The Immoral Mr. Teas (1959)
 4: Pearl Jam: Immagine in Cornice - Live in Italy 2006 (2007)
 5: Female Vampire (Les avaleuses) (Erotic Kill) (1973)
 6: The Great American Girl Robbery (1979)
 7: Tintin and the Lake of Sharks (1972)
 8: The Marquis (2011)
 9: Atharintiki Daaredi (2013)
10: The Prodigies (2011)
11: Heroes Shed No Tears (1986)
12: Vampyres (1974)
13: Sex Is Zero (2002)
14: Kokoko (2012)
15: Frankenstein Conquers the World (1965)
16: Love Life (2001)
17: Monster High: Fright On! (2011)
18: Heaven Is a Playground (1991)
19: Emmanuelle 5 (1987)
20: Jellyfish Eyes (2013)
21: Lavalantula (2015)
22: UFO - Distruggete base Luna! (1971)
23: The Keepers (2017)
24: Estamos Juntos (2011)
25: Alien Tornado (2012)
26: Far Out Man (1990)
27: Losing the North (2015)
28: Duplicate (1998)
29: Lemonade Mouth (2011)
30: Emanuelle in Egypt (Velluto nero) (1976)
31: Rio Diablo (1993)
32: The Boss's Daughter (2016)
33: PSYCHO-PASS: The Movie (2016)
34: More Brains! A Return to the Living Dead (2011)
35: Last Day of Summer (2009)
36: Daisy Town (1971)
37: 1 (2014)
38: Susie Q (1996)
39: The Ties That Bind (2015)
40: Fantastic Lies (2016)
41: High Risk (1981)
42: Night of the Day of the Dawn of the Son of the Bride of the Return of the Terror (1991)
43: Here Without Me (Inja bedoone man) (2011)
44: Genius on Hold (2013)
45: Greg Fitzsimmons: Life on Stage (2013)
46: Blue Summer (1973)
47: Richard Jeni: A Big Steaming Pile of Me (2005)
48: Punk Vacation (1987)
49: "Tramp
50: Farmageddon (2011)
Benchmark execution time: 846602ms
