Got 26024289 ratings from 270896 users on 45115 movies.
Training: 15620330, validation: 5201747, test: 5202223
RMSE (validation) = 0.8224875473640033 for the model trained with rank = 8, lambda = 0.1, and numIter = 10.
RMSE (validation) = 0.8213259006616139 for the model trained with rank = 8, lambda = 0.1, and numIter = 20.
RMSE (validation) = 3.680341128910692 for the model trained with rank = 8, lambda = 10.0, and numIter = 10.
RMSE (validation) = 3.680341128910692 for the model trained with rank = 8, lambda = 10.0, and numIter = 20.
RMSE (validation) = 0.8203978207394641 for the model trained with rank = 12, lambda = 0.1, and numIter = 10.
RMSE (validation) = 0.817256754171208 for the model trained with rank = 12, lambda = 0.1, and numIter = 20.
RMSE (validation) = 3.680341128910692 for the model trained with rank = 12, lambda = 10.0, and numIter = 10.
RMSE (validation) = 3.680341128910692 for the model trained with rank = 12, lambda = 10.0, and numIter = 20.
The best model was trained with rank = 12 and lambda = 0.1, and numIter = 20, and its RMSE on the test set is 0.8169361691112573.
The best model improves the baseline by 23.29%.
Movies recommended for you:
 1: Hamoun (1990)
 2: Pearl Jam: Immagine in Cornice - Live in Italy 2006 (2007)
 3: The Great American Girl Robbery (1979)
 4: The Story of Asya Klyachina (1966)
 5: Atharintiki Daaredi (2013)
 6: 1 (2014)
 7: The Keepers (2017)
 8: The Marquis (2011)
 9: Female Vampire (Les avaleuses) (Erotic Kill) (1973)
10: Love Life (2001)
11: Tintin and the Lake of Sharks (1972)
12: Kokoko (2012)
13: Heaven Is a Playground (1991)
14: Sex Is Zero (2002)
15: Scavenger Hunt (1979)
16: Estamos Juntos (2011)
17: Monster High: Fright On! (2011)
18: Frankenstein Conquers the World (1965)
19: Love Is Blind (2013)
20: More Brains! A Return to the Living Dead (2011)
21: "Mahabharata
22: Alien Tornado (2012)
23: The Immoral Mr. Teas (1959)
24: "2013 Rock and Roll Hall of Fame Induction Ceremony
25: The Prodigies (2011)
26: Rio Diablo (1993)
27: Mamitas (2011)
28: Far Out Man (1990)
29: Patient Zero (2017)
30: UFO - Distruggete base Luna! (1971)
31: Just Write (1997)
32: Zerophilia (2005)
33: Lost in a Harem (1944)
34: PSYCHO-PASS: The Movie (2016)
35: The Boss's Daughter (2016)
36: Tr?mulo (2015)
37: Jellyfish Eyes (2013)
38: Spine Tingler!  The William Castle Story (2007)
39: Desierto (2016)
40: Fantastic Lies (2016)
41: Daisy Town (1971)
42: Lemonade Mouth (2011)
43: Salam Neighbor (2015)
44: God?s Wedding (As Bodas de Deus) (1999)
45: Mixed Kebab (2012)
46: Last Day of Summer (2009)
47: Extreme Private Eros: Love Song 1974 (1974)
48: "Stolen Collection
49: Ali Baba Bunny (1957)
50: Beltracchi - The Art of the Forgery (2014)
Benchmark execution time: 741020ms
