Got 26024289 ratings from 270896 users on 45115 movies.
Training: 15620330, validation: 5201747, test: 5202223
RMSE (validation) = 0.822199709183326 for the model trained with rank = 8, lambda = 0.1, and numIter = 10.
RMSE (validation) = 0.8215359887524364 for the model trained with rank = 8, lambda = 0.1, and numIter = 20.
RMSE (validation) = 3.680341128910692 for the model trained with rank = 8, lambda = 10.0, and numIter = 10.
RMSE (validation) = 3.680341128910692 for the model trained with rank = 8, lambda = 10.0, and numIter = 20.
RMSE (validation) = 0.8192341940007095 for the model trained with rank = 12, lambda = 0.1, and numIter = 10.
RMSE (validation) = 0.8180867427501103 for the model trained with rank = 12, lambda = 0.1, and numIter = 20.
RMSE (validation) = 3.680341128910692 for the model trained with rank = 12, lambda = 10.0, and numIter = 10.
RMSE (validation) = 3.680341128910692 for the model trained with rank = 12, lambda = 10.0, and numIter = 20.
The best model was trained with rank = 12 and lambda = 0.1, and numIter = 20, and its RMSE on the test set is 0.8177434261275197.
The best model improves the baseline by 23.22%.
Movies recommended for you:
 1: Hamoun (1990)
 2: The Story of Asya Klyachina (1966)
 3: The Immoral Mr. Teas (1959)
 4: Atharintiki Daaredi (2013)
 5: Pearl Jam: Immagine in Cornice - Live in Italy 2006 (2007)
 6: Female Vampire (Les avaleuses) (Erotic Kill) (1973)
 7: The Great American Girl Robbery (1979)
 8: Tintin and the Lake of Sharks (1972)
 9: Love Life (2001)
10: The Marquis (2011)
11: The Keepers (2017)
12: Heaven Is a Playground (1991)
13: 1 (2014)
14: Mamitas (2011)
15: Jellyfish Eyes (2013)
16: The Prodigies (2011)
17: UFO - Distruggete base Luna! (1971)
18: Frankenstein Conquers the World (1965)
19: Emmanuelle 5 (1987)
20: Sex Is Zero (2002)
21: Losing the North (2015)
22: Lemonade Mouth (2011)
23: PSYCHO-PASS: The Movie (2016)
24: Estamos Juntos (2011)
25: Tiger Orange (2014)
26: Punk Vacation (1987)
27: Far Out Man (1990)
28: More Brains! A Return to the Living Dead (2011)
29: Love Is Blind (2013)
30: Lavalantula (2015)
31: Alien Tornado (2012)
32: Last Day of Summer (2009)
33: Emanuelle in Egypt (Velluto nero) (1976)
34: High Risk (1981)
35: Garage Olimpo (1999)
36: "Mahabharata
37: Duplicate (1998)
38: Rio Diablo (1993)
39: Daisy Town (1971)
40: Jeff Dunham: Arguing with Myself (2006)
41: Monster High: Fright On! (2011)
42: Heroes Shed No Tears (1986)
43: Vampyres (1974)
44: Susie Q (1996)
45: Night of the Day of the Dawn of the Son of the Bride of the Return of the Terror (1991)
46: Northpole (2014)
47: Patient Zero (2017)
48: Zakochani (2000)
49: "Tramp
50: Rasputin (1996)
Benchmark execution time: 659147ms
