Got 26024289 ratings from 270896 users on 45115 movies.
Training: 15620330, validation: 5201747, test: 5202223
RMSE (validation) = 0.8230869807802138 for the model trained with rank = 8, lambda = 0.1, and numIter = 10.
RMSE (validation) = 0.8207408167447151 for the model trained with rank = 8, lambda = 0.1, and numIter = 20.
RMSE (validation) = 3.680341128910692 for the model trained with rank = 8, lambda = 10.0, and numIter = 10.
RMSE (validation) = 3.680341128910692 for the model trained with rank = 8, lambda = 10.0, and numIter = 20.
RMSE (validation) = 0.8187635978007632 for the model trained with rank = 12, lambda = 0.1, and numIter = 10.
RMSE (validation) = 0.8166113036790593 for the model trained with rank = 12, lambda = 0.1, and numIter = 20.
RMSE (validation) = 3.680341128910692 for the model trained with rank = 12, lambda = 10.0, and numIter = 10.
RMSE (validation) = 3.680341128910692 for the model trained with rank = 12, lambda = 10.0, and numIter = 20.
The best model was trained with rank = 12 and lambda = 0.1, and numIter = 20, and its RMSE on the test set is 0.8163369711171727.
The best model improves the baseline by 23.35%.
Movies recommended for you:
 1: Hamoun (1990)
 2: Pearl Jam: Immagine in Cornice - Live in Italy 2006 (2007)
 3: 1 (2014)
 4: The Keepers (2017)
 5: Atharintiki Daaredi (2013)
 6: The Great American Girl Robbery (1979)
 7: Female Vampire (Les avaleuses) (Erotic Kill) (1973)
 8: The Marquis (2011)
 9: Love Life (2001)
10: Tintin and the Lake of Sharks (1972)
11: Sex Is Zero (2002)
12: Frankenstein Conquers the World (1965)
13: Heaven Is a Playground (1991)
14: The Immoral Mr. Teas (1959)
15: More Brains! A Return to the Living Dead (2011)
16: The Story of Asya Klyachina (1966)
17: Lemonade Mouth (2011)
18: The Prodigies (2011)
19: "Mahabharata
20: UFO - Distruggete base Luna! (1971)
21: Fantastic Lies (2016)
22: Lavalantula (2015)
23: Scavenger Hunt (1979)
24: Patient Zero (2017)
25: Far Out Man (1990)
26: Mamitas (2011)
27: Love Is Blind (2013)
28: PSYCHO-PASS: The Movie (2016)
29: Estamos Juntos (2011)
30: Rio Diablo (1993)
31: Monster High: Fright On! (2011)
32: Don't You Forget About Me (2009)
33: Just Write (1997)
34: Daisy Town (1971)
35: Mixed Kebab (2012)
36: Emmanuelle 5 (1987)
37: Desierto (2016)
38: "2013 Rock and Roll Hall of Fame Induction Ceremony
39: Losing the North (2015)
40: Lost in a Harem (1944)
41: Ali Baba Bunny (1957)
42: Alien Tornado (2012)
43: With Great Power: The Stan Lee Story (2012)
44: Heroes Shed No Tears (1986)
45: Vampyres (1974)
46: Punk Vacation (1987)
47: Farmageddon (2011)
48: Garfield's Fun Fest (2008)
49: "Passion of Ayn Rand
50: Drive (1997)
Benchmark execution time: 658732ms
