Got 26024289 ratings from 270896 users on 45115 movies.
Training: 15620330, validation: 5201747, test: 5202223
RMSE (validation) = 0.8215363564860548 for the model trained with rank = 8, lambda = 0.1, and numIter = 10.
RMSE (validation) = 0.8213132353353456 for the model trained with rank = 8, lambda = 0.1, and numIter = 20.
RMSE (validation) = 3.680341128910692 for the model trained with rank = 8, lambda = 10.0, and numIter = 10.
RMSE (validation) = 3.680341128910692 for the model trained with rank = 8, lambda = 10.0, and numIter = 20.
RMSE (validation) = 0.8219578088128853 for the model trained with rank = 12, lambda = 0.1, and numIter = 10.
RMSE (validation) = 0.8167011361272872 for the model trained with rank = 12, lambda = 0.1, and numIter = 20.
RMSE (validation) = 3.680341128910692 for the model trained with rank = 12, lambda = 10.0, and numIter = 10.
RMSE (validation) = 3.680341128910692 for the model trained with rank = 12, lambda = 10.0, and numIter = 20.
The best model was trained with rank = 12 and lambda = 0.1, and numIter = 20, and its RMSE on the test set is 0.816440456073246.
The best model improves the baseline by 23.34%.
Movies recommended for you:
 1: Hamoun (1990)
 2: Pearl Jam: Immagine in Cornice - Live in Italy 2006 (2007)
 3: The Immoral Mr. Teas (1959)
 4: The Great American Girl Robbery (1979)
 5: Female Vampire (Les avaleuses) (Erotic Kill) (1973)
 6: Atharintiki Daaredi (2013)
 7: The Marquis (2011)
 8: The Story of Asya Klyachina (1966)
 9: Tintin and the Lake of Sharks (1972)
10: Estamos Juntos (2011)
11: The Prodigies (2011)
12: Frankenstein Conquers the World (1965)
13: Love Life (2001)
14: Heaven Is a Playground (1991)
15: Sex Is Zero (2002)
16: The Keepers (2017)
17: Lavalantula (2015)
18: Monster High: Fright On! (2011)
19: 1 (2014)
20: Lemonade Mouth (2011)
21: Alien Tornado (2012)
22: PSYCHO-PASS: The Movie (2016)
23: Far Out Man (1990)
24: UFO - Distruggete base Luna! (1971)
25: Rio Diablo (1993)
26: Love Is Blind (2013)
27: Fantastic Lies (2016)
28: More Brains! A Return to the Living Dead (2011)
29: Emmanuelle 5 (1987)
30: Duplicate (1998)
31: Daisy Town (1971)
32: Last Day of Summer (2009)
33: Losing the North (2015)
34: "Mahabharata
35: Susie Q (1996)
36: "Stolen Collection
37: Heroes Shed No Tears (1986)
38: Vampyres (1974)
39: Night of the Day of the Dawn of the Son of the Bride of the Return of the Terror (1991)
40: "2013 Rock and Roll Hall of Fame Induction Ceremony
41: "Passion of Ayn Rand
42: "Tramp
43: Farmageddon (2011)
44: "Muppet Christmas: Letters to Santa
45: Scavenger Hunt (1979)
46: Hatchet III (2013)
47: Seven Dwarfs (2004)
48: Varalaru (2006)
49: Tiger Orange (2014)
50: Just Write (1997)
Benchmark execution time: 686397ms
