Got 26024289 ratings from 270896 users on 45115 movies.
Training: 15620330, validation: 5201747, test: 5202223
RMSE (validation) = 0.8204686581995648 for the model trained with rank = 8, lambda = 0.1, and numIter = 10.
RMSE (validation) = 0.8206847476798261 for the model trained with rank = 8, lambda = 0.1, and numIter = 20.
RMSE (validation) = 3.680341128910692 for the model trained with rank = 8, lambda = 10.0, and numIter = 10.
RMSE (validation) = 3.680341128910692 for the model trained with rank = 8, lambda = 10.0, and numIter = 20.
RMSE (validation) = 0.8171600907697831 for the model trained with rank = 12, lambda = 0.1, and numIter = 10.
RMSE (validation) = 0.8162481126170213 for the model trained with rank = 12, lambda = 0.1, and numIter = 20.
RMSE (validation) = 3.680341128910692 for the model trained with rank = 12, lambda = 10.0, and numIter = 10.
RMSE (validation) = 3.680341128910692 for the model trained with rank = 12, lambda = 10.0, and numIter = 20.
The best model was trained with rank = 12 and lambda = 0.1, and numIter = 20, and its RMSE on the test set is 0.815912766303159.
The best model improves the baseline by 23.39%.
Movies recommended for you:
 1: Pearl Jam: Immagine in Cornice - Live in Italy 2006 (2007)
 2: Hamoun (1990)
 3: 1 (2014)
 4: The Marquis (2011)
 5: Love Life (2001)
 6: The Keepers (2017)
 7: Tintin and the Lake of Sharks (1972)
 8: Atharintiki Daaredi (2013)
 9: The Great American Girl Robbery (1979)
10: Sex Is Zero (2002)
11: Heaven Is a Playground (1991)
12: Monster High: Fright On! (2011)
13: Alien Tornado (2012)
14: The Immoral Mr. Teas (1959)
15: Lavalantula (2015)
16: Female Vampire (Les avaleuses) (Erotic Kill) (1973)
17: Rio Diablo (1993)
18: "2013 Rock and Roll Hall of Fame Induction Ceremony
19: More Brains! A Return to the Living Dead (2011)
20: UFO - Distruggete base Luna! (1971)
21: Patient Zero (2017)
22: Just Write (1997)
23: PSYCHO-PASS: The Movie (2016)
24: Love Is Blind (2013)
25: Mamitas (2011)
26: "Mahabharata
27: The Prodigies (2011)
28: Here Without Me (Inja bedoone man) (2011)
29: Frankenstein Conquers the World (1965)
30: Night of the Day of the Dawn of the Son of the Bride of the Return of the Terror (1991)
31: The Story of Asya Klyachina (1966)
32: Far Out Man (1990)
33: Lemonade Mouth (2011)
34: Spine Tingler!  The William Castle Story (2007)
35: Extreme Private Eros: Love Song 1974 (1974)
36: Susie Q (1996)
37: Ali Baba Bunny (1957)
38: Last Day of Summer (2009)
39: Daisy Town (1971)
40: Beltracchi - The Art of the Forgery (2014)
41: Fantastic Lies (2016)
42: Tr?mulo (2015)
43: Duplicate (1998)
44: Farmageddon (2011)
45: Estamos Juntos (2011)
46: Desierto (2016)
47: "Architecture of Doom
48: Mixed Kebab (2012)
49: Provocateur (1998)
50: Steal This Film II (2007)
Benchmark execution time: 750102ms
