Got 26024289 ratings from 270896 users on 45115 movies.
Training: 15620330, validation: 5201747, test: 5202223
RMSE (validation) = 0.8216488395581938 for the model trained with rank = 8, lambda = 0.1, and numIter = 10.
RMSE (validation) = 0.8200570191316823 for the model trained with rank = 8, lambda = 0.1, and numIter = 20.
RMSE (validation) = 3.680341128910692 for the model trained with rank = 8, lambda = 10.0, and numIter = 10.
RMSE (validation) = 3.680341128910692 for the model trained with rank = 8, lambda = 10.0, and numIter = 20.
RMSE (validation) = 0.8223593577735998 for the model trained with rank = 12, lambda = 0.1, and numIter = 10.
RMSE (validation) = 0.8168335804900873 for the model trained with rank = 12, lambda = 0.1, and numIter = 20.
RMSE (validation) = 3.680341128910692 for the model trained with rank = 12, lambda = 10.0, and numIter = 10.
RMSE (validation) = 3.680341128910692 for the model trained with rank = 12, lambda = 10.0, and numIter = 20.
The best model was trained with rank = 12 and lambda = 0.1, and numIter = 20, and its RMSE on the test set is 0.8165483565384207.
The best model improves the baseline by 23.33%.
Movies recommended for you:
 1: Hamoun (1990)
 2: Pearl Jam: Immagine in Cornice - Live in Italy 2006 (2007)
 3: The Immoral Mr. Teas (1959)
 4: Female Vampire (Les avaleuses) (Erotic Kill) (1973)
 5: The Keepers (2017)
 6: The Great American Girl Robbery (1979)
 7: The Marquis (2011)
 8: Tintin and the Lake of Sharks (1972)
 9: Frankenstein Conquers the World (1965)
10: Alien Tornado (2012)
11: 1 (2014)
12: Estamos Juntos (2011)
13: Atharintiki Daaredi (2013)
14: Lemonade Mouth (2011)
15: Heaven Is a Playground (1991)
16: Love Life (2001)
17: Monster High: Fright On! (2011)
18: Heroes Shed No Tears (1986)
19: Vampyres (1974)
20: PSYCHO-PASS: The Movie (2016)
21: UFO - Distruggete base Luna! (1971)
22: The Story of Asya Klyachina (1966)
23: Far Out Man (1990)
24: Mamitas (2011)
25: Punk Vacation (1987)
26: Rio Diablo (1993)
27: The Prodigies (2011)
28: Love Is Blind (2013)
29: Night of the Day of the Dawn of the Son of the Bride of the Return of the Terror (1991)
30: Scavenger Hunt (1979)
31: Lost in a Harem (1944)
32: Losing the North (2015)
33: Don't You Forget About Me (2009)
34: Duplicate (1998)
35: "Mahabharata
36: Daisy Town (1971)
37: Loser Takes All! (Qui perd gagne !) (2003)
38: More Brains! A Return to the Living Dead (2011)
39: Emmanuelle 5 (1987)
40: Fantastic Lies (2016)
41: The Spacewalker (2017)
42: Just Write (1997)
43: Tiger Orange (2014)
44: Susie Q (1996)
45: Extreme Private Eros: Love Song 1974 (1974)
46: Desierto (2016)
47: Beltracchi - The Art of the Forgery (2014)
48: "Stolen Collection
49: Lagerfeld Confidential (2007)
50: "Passion of Ayn Rand
Benchmark execution time: 640396ms
