Got 26024289 ratings from 270896 users on 45115 movies.
Training: 15620330, validation: 5201747, test: 5202223
RMSE (validation) = 0.8240050739025498 for the model trained with rank = 8, lambda = 0.1, and numIter = 10.
RMSE (validation) = 0.8199636289664698 for the model trained with rank = 8, lambda = 0.1, and numIter = 20.
RMSE (validation) = 3.680341128910692 for the model trained with rank = 8, lambda = 10.0, and numIter = 10.
RMSE (validation) = 3.680341128910692 for the model trained with rank = 8, lambda = 10.0, and numIter = 20.
RMSE (validation) = 0.8180000855596562 for the model trained with rank = 12, lambda = 0.1, and numIter = 10.
RMSE (validation) = 0.8183749492506829 for the model trained with rank = 12, lambda = 0.1, and numIter = 20.
RMSE (validation) = 3.680341128910692 for the model trained with rank = 12, lambda = 10.0, and numIter = 10.
RMSE (validation) = 3.680341128910692 for the model trained with rank = 12, lambda = 10.0, and numIter = 20.
The best model was trained with rank = 12 and lambda = 0.1, and numIter = 10, and its RMSE on the test set is 0.8177097064698751.
The best model improves the baseline by 23.22%.
Movies recommended for you:
 1: Hamoun (1990)
 2: Pearl Jam: Immagine in Cornice - Live in Italy 2006 (2007)
 3: Love Life (2001)
 4: Estamos Juntos (2011)
 5: The Keepers (2017)
 6: The Great American Girl Robbery (1979)
 7: Tintin and the Lake of Sharks (1972)
 8: Female Vampire (Les avaleuses) (Erotic Kill) (1973)
 9: Fantastic Lies (2016)
10: Atharintiki Daaredi (2013)
11: The Marquis (2011)
12: Love Is Blind (2013)
13: Punk Vacation (1987)
14: Emmanuelle 5 (1987)
15: The Story of Asya Klyachina (1966)
16: Losing the North (2015)
17: Frankenstein Conquers the World (1965)
18: Heaven Is a Playground (1991)
19: "Mahabharata
20: 1 (2014)
21: Lost in a Harem (1944)
22: Sex Is Zero (2002)
23: Lavalantula (2015)
24: Lemonade Mouth (2011)
25: Alien Tornado (2012)
26: UFO - Distruggete base Luna! (1971)
27: Monster High: Fright On! (2011)
28: The Immoral Mr. Teas (1959)
29: PSYCHO-PASS: The Movie (2016)
30: High Risk (1981)
31: Rio Diablo (1993)
32: Mamitas (2011)
33: Far Out Man (1990)
34: Tiger Orange (2014)
35: More Brains! A Return to the Living Dead (2011)
36: A Year in Burgundy (2013)
37: Mixed Kebab (2012)
38: The Prodigies (2011)
39: Just Write (1997)
40: Swept Under (2015)
41: Daisy Town (1971)
42: Tr?mulo (2015)
43: Ahora o nunca (2015)
44: Beltracchi - The Art of the Forgery (2014)
45: Emanuelle in Egypt (Velluto nero) (1976)
46: Garage Olimpo (1999)
47: Last Day of Summer (2009)
48: Evilenko (2004)
49: Mad Ron's Prevues from Hell (1987)
50: Susie Q (1996)
Benchmark execution time: 651242ms
