Got 26024289 ratings from 270896 users on 45115 movies.
Training: 15620330, validation: 5201747, test: 5202223
RMSE (validation) = 0.8237582398672124 for the model trained with rank = 8, lambda = 0.1, and numIter = 10.
RMSE (validation) = 0.8212547957813284 for the model trained with rank = 8, lambda = 0.1, and numIter = 20.
RMSE (validation) = 3.680341128910692 for the model trained with rank = 8, lambda = 10.0, and numIter = 10.
RMSE (validation) = 3.680341128910692 for the model trained with rank = 8, lambda = 10.0, and numIter = 20.
RMSE (validation) = 0.8171537659449631 for the model trained with rank = 12, lambda = 0.1, and numIter = 10.
RMSE (validation) = 0.8161280823194703 for the model trained with rank = 12, lambda = 0.1, and numIter = 20.
RMSE (validation) = 3.680341128910692 for the model trained with rank = 12, lambda = 10.0, and numIter = 10.
RMSE (validation) = 3.680341128910692 for the model trained with rank = 12, lambda = 10.0, and numIter = 20.
The best model was trained with rank = 12 and lambda = 0.1, and numIter = 20, and its RMSE on the test set is 0.815842939625906.
The best model improves the baseline by 23.40%.
Movies recommended for you:
 1: Hamoun (1990)
 2: Pearl Jam: Immagine in Cornice - Live in Italy 2006 (2007)
 3: The Keepers (2017)
 4: Atharintiki Daaredi (2013)
 5: The Great American Girl Robbery (1979)
 6: 1 (2014)
 7: Love Life (2001)
 8: The Marquis (2011)
 9: Sex Is Zero (2002)
10: Female Vampire (Les avaleuses) (Erotic Kill) (1973)
11: The Immoral Mr. Teas (1959)
12: The Story of Asya Klyachina (1966)
13: Tintin and the Lake of Sharks (1972)
14: Frankenstein Conquers the World (1965)
15: Heaven Is a Playground (1991)
16: Patient Zero (2017)
17: "Mahabharata
18: More Brains! A Return to the Living Dead (2011)
19: The Prodigies (2011)
20: PSYCHO-PASS: The Movie (2016)
21: Just Write (1997)
22: Fantastic Lies (2016)
23: Love Is Blind (2013)
24: Punk Vacation (1987)
25: Mixed Kebab (2012)
26: Monster High: Fright On! (2011)
27: Lemonade Mouth (2011)
28: Rio Diablo (1993)
29: The Boss's Daughter (2016)
30: Tr?mulo (2015)
31: Far Out Man (1990)
32: Losing the North (2015)
33: UFO - Distruggete base Luna! (1971)
34: Desierto (2016)
35: Scavenger Hunt (1979)
36: "2013 Rock and Roll Hall of Fame Induction Ceremony
37: Estamos Juntos (2011)
38: Salam Neighbor (2015)
39: Lost in a Harem (1944)
40: Daisy Town (1971)
41: Lavalantula (2015)
42: Emmanuelle 5 (1987)
43: Mamitas (2011)
44: Shock Head Soul (2011)
45: Ali Baba Bunny (1957)
46: The Perfect Guy (2015)
47: "Passion of Ayn Rand
48: Lagerfeld Confidential (2007)
49: "Tripper
50: Garage Olimpo (1999)
Benchmark execution time: 668268ms
