Got 26024289 ratings from 270896 users on 45115 movies.
Training: 15620330, validation: 5201747, test: 5202223
RMSE (validation) = 0.8231278205085455 for the model trained with rank = 8, lambda = 0.1, and numIter = 10.
RMSE (validation) = 0.8207584672700481 for the model trained with rank = 8, lambda = 0.1, and numIter = 20.
RMSE (validation) = 3.680341128910692 for the model trained with rank = 8, lambda = 10.0, and numIter = 10.
RMSE (validation) = 3.680341128910692 for the model trained with rank = 8, lambda = 10.0, and numIter = 20.
RMSE (validation) = 0.8182510778574764 for the model trained with rank = 12, lambda = 0.1, and numIter = 10.
RMSE (validation) = 0.81702262751041 for the model trained with rank = 12, lambda = 0.1, and numIter = 20.
RMSE (validation) = 3.680341128910692 for the model trained with rank = 12, lambda = 10.0, and numIter = 10.
RMSE (validation) = 3.680341128910692 for the model trained with rank = 12, lambda = 10.0, and numIter = 20.
The best model was trained with rank = 12 and lambda = 0.1, and numIter = 20, and its RMSE on the test set is 0.8167264329290556.
The best model improves the baseline by 23.31%.
Movies recommended for you:
 1: Hamoun (1990)
 2: Pearl Jam: Immagine in Cornice - Live in Italy 2006 (2007)
 3: The Immoral Mr. Teas (1959)
 4: The Great American Girl Robbery (1979)
 5: Female Vampire (Les avaleuses) (Erotic Kill) (1973)
 6: Tintin and the Lake of Sharks (1972)
 7: The Marquis (2011)
 8: The Prodigies (2011)
 9: The Keepers (2017)
10: Love Life (2001)
11: Heaven Is a Playground (1991)
12: Scavenger Hunt (1979)
13: Duplicate (1998)
14: Heroes Shed No Tears (1986)
15: Vampyres (1974)
16: Emmanuelle 5 (1987)
17: Lemonade Mouth (2011)
18: Losing the North (2015)
19: Sex Is Zero (2002)
20: Estamos Juntos (2011)
21: Fantastic Lies (2016)
22: Punk Vacation (1987)
23: Frankenstein Conquers the World (1965)
24: Monster High: Fright On! (2011)
25: The Story of Asya Klyachina (1966)
26: Evilenko (2004)
27: UFO - Distruggete base Luna! (1971)
28: Far Out Man (1990)
29: Love Is Blind (2013)
30: High Risk (1981)
31: "Mahabharata
32: Night of the Day of the Dawn of the Son of the Bride of the Return of the Terror (1991)
33: Daisy Town (1971)
34: Alien Tornado (2012)
35: Rio Diablo (1993)
36: Tiger Orange (2014)
37: Susie Q (1996)
38: More Brains! A Return to the Living Dead (2011)
39: 1 (2014)
40: Richard Jeni: A Big Steaming Pile of Me (2005)
41: Last Day of Summer (2009)
42: Beltracchi - The Art of the Forgery (2014)
43: Lost in a Harem (1944)
44: Swept Under (2015)
45: The Ties That Bind (2015)
46: "Passion of Ayn Rand
47: PSYCHO-PASS: The Movie (2016)
48: Atharintiki Daaredi (2013)
49: Garfield's Fun Fest (2008)
50: Farmageddon (2011)
Benchmark execution time: 719579ms
