Got 26024289 ratings from 270896 users on 45115 movies.
Training: 15620330, validation: 5201747, test: 5202223
RMSE (validation) = 0.8204304838550726 for the model trained with rank = 8, lambda = 0.1, and numIter = 10.
RMSE (validation) = 0.8217604180905204 for the model trained with rank = 8, lambda = 0.1, and numIter = 20.
RMSE (validation) = 3.680341128910692 for the model trained with rank = 8, lambda = 10.0, and numIter = 10.
RMSE (validation) = 3.680341128910692 for the model trained with rank = 8, lambda = 10.0, and numIter = 20.
RMSE (validation) = 0.818501025764456 for the model trained with rank = 12, lambda = 0.1, and numIter = 10.
RMSE (validation) = 0.8165316691157859 for the model trained with rank = 12, lambda = 0.1, and numIter = 20.
RMSE (validation) = 3.680341128910692 for the model trained with rank = 12, lambda = 10.0, and numIter = 10.
RMSE (validation) = 3.680341128910692 for the model trained with rank = 12, lambda = 10.0, and numIter = 20.
The best model was trained with rank = 12 and lambda = 0.1, and numIter = 20, and its RMSE on the test set is 0.8162670310801042.
The best model improves the baseline by 23.36%.
Movies recommended for you:
 1: Hamoun (1990)
 2: Pearl Jam: Immagine in Cornice - Live in Italy 2006 (2007)
 3: The Immoral Mr. Teas (1959)
 4: Tintin and the Lake of Sharks (1972)
 5: The Marquis (2011)
 6: Duplicate (1998)
 7: The Prodigies (2011)
 8: Sex Is Zero (2002)
 9: Female Vampire (Les avaleuses) (Erotic Kill) (1973)
10: Heaven Is a Playground (1991)
11: UFO - Distruggete base Luna! (1971)
12: Frankenstein Conquers the World (1965)
13: Estamos Juntos (2011)
14: Monster High: Fright On! (2011)
15: Far Out Man (1990)
16: Last Day of Summer (2009)
17: More Brains! A Return to the Living Dead (2011)
18: Rio Diablo (1993)
19: 1 (2014)
20: The Keepers (2017)
21: Scavenger Hunt (1979)
22: "2013 Rock and Roll Hall of Fame Induction Ceremony
23: Night of the Day of the Dawn of the Son of the Bride of the Return of the Terror (1991)
24: PSYCHO-PASS: The Movie (2016)
25: Here Without Me (Inja bedoone man) (2011)
26: Fantastic Lies (2016)
27: Susie Q (1996)
28: The Great American Girl Robbery (1979)
29: Varalaru (2006)
30: The Story of Asya Klyachina (1966)
31: Emmanuelle 5 (1987)
32: Mamitas (2011)
33: Farmageddon (2011)
34: Ali Baba Bunny (1957)
35: Alien Tornado (2012)
36: Losing the North (2015)
37: Daisy Town (1971)
38: Atharintiki Daaredi (2013)
39: "Muppet Christmas: Letters to Santa
40: Love Is Blind (2013)
41: "Rage
42: The Ties That Bind (2015)
43: Lemonade Mouth (2011)
44: Love Life (2001)
45: Spine Tingler!  The William Castle Story (2007)
46: Manhattan Romance (2015)
47: "Mahabharata
48: Don't You Forget About Me (2009)
49: Hatchet III (2013)
50: "Stolen Collection
Benchmark execution time: 649729ms
