Got 26024289 ratings from 270896 users on 45115 movies.
Training: 15620330, validation: 5201747, test: 5202223
RMSE (validation) = 0.8199410834937039 for the model trained with rank = 8, lambda = 0.1, and numIter = 10.
RMSE (validation) = 0.8217555863001843 for the model trained with rank = 8, lambda = 0.1, and numIter = 20.
RMSE (validation) = 3.680341128910692 for the model trained with rank = 8, lambda = 10.0, and numIter = 10.
RMSE (validation) = 3.680341128910692 for the model trained with rank = 8, lambda = 10.0, and numIter = 20.
RMSE (validation) = 0.8176825793824803 for the model trained with rank = 12, lambda = 0.1, and numIter = 10.
RMSE (validation) = 0.8172995290388207 for the model trained with rank = 12, lambda = 0.1, and numIter = 20.
RMSE (validation) = 3.680341128910692 for the model trained with rank = 12, lambda = 10.0, and numIter = 10.
RMSE (validation) = 3.680341128910692 for the model trained with rank = 12, lambda = 10.0, and numIter = 20.
The best model was trained with rank = 12 and lambda = 0.1, and numIter = 20, and its RMSE on the test set is 0.8170560674351343.
The best model improves the baseline by 23.28%.
Movies recommended for you:
 1: Pearl Jam: Immagine in Cornice - Live in Italy 2006 (2007)
 2: Hamoun (1990)
 3: The Great American Girl Robbery (1979)
 4: Fantastic Lies (2016)
 5: Atharintiki Daaredi (2013)
 6: 1 (2014)
 7: Tintin and the Lake of Sharks (1972)
 8: The Marquis (2011)
 9: Female Vampire (Les avaleuses) (Erotic Kill) (1973)
10: Monster High: Fright On! (2011)
11: Love Life (2001)
12: Heaven Is a Playground (1991)
13: The Keepers (2017)
14: Patient Zero (2017)
15: Estamos Juntos (2011)
16: Sex Is Zero (2002)
17: Love Is Blind (2013)
18: Frankenstein Conquers the World (1965)
19: The Prodigies (2011)
20: "Mahabharata
21: The Story of Asya Klyachina (1966)
22: More Brains! A Return to the Living Dead (2011)
23: The Immoral Mr. Teas (1959)
24: Jeff Dunham: Arguing with Myself (2006)
25: Emmanuelle 5 (1987)
26: Lemonade Mouth (2011)
27: Rio Diablo (1993)
28: Far Out Man (1990)
29: PSYCHO-PASS: The Movie (2016)
30: Here Without Me (Inja bedoone man) (2011)
31: Tiger Orange (2014)
32: Scavenger Hunt (1979)
33: Lavalantula (2015)
34: Night of the Day of the Dawn of the Son of the Bride of the Return of the Terror (1991)
35: Ali Baba Bunny (1957)
36: Daisy Town (1971)
37: UFO - Distruggete base Luna! (1971)
38: Susie Q (1996)
39: Lost in a Harem (1944)
40: "2013 Rock and Roll Hall of Fame Induction Ceremony
41: Beltracchi - The Art of the Forgery (2014)
42: Heroes Shed No Tears (1986)
43: Vampyres (1974)
44: Last Day of Summer (2009)
45: Losing the North (2015)
46: A Year in Burgundy (2013)
47: Tr?mulo (2015)
48: Seven Dwarfs (2004)
49: Desierto (2016)
50: Just Write (1997)
Benchmark execution time: 701366ms
