Got 26024289 ratings from 270896 users on 45115 movies.
Training: 15620330, validation: 5201747, test: 5202223
RMSE (validation) = 0.8240607276828389 for the model trained with rank = 8, lambda = 0.1, and numIter = 10.
RMSE (validation) = 0.8211664176214519 for the model trained with rank = 8, lambda = 0.1, and numIter = 20.
RMSE (validation) = 3.680341128910692 for the model trained with rank = 8, lambda = 10.0, and numIter = 10.
RMSE (validation) = 3.680341128910692 for the model trained with rank = 8, lambda = 10.0, and numIter = 20.
RMSE (validation) = 0.8240152602254438 for the model trained with rank = 12, lambda = 0.1, and numIter = 10.
RMSE (validation) = 0.8170045463904531 for the model trained with rank = 12, lambda = 0.1, and numIter = 20.
RMSE (validation) = 3.680341128910692 for the model trained with rank = 12, lambda = 10.0, and numIter = 10.
RMSE (validation) = 3.680341128910692 for the model trained with rank = 12, lambda = 10.0, and numIter = 20.
The best model was trained with rank = 12 and lambda = 0.1, and numIter = 20, and its RMSE on the test set is 0.8167725414700978.
The best model improves the baseline by 23.31%.
Movies recommended for you:
 1: Hamoun (1990)
 2: Pearl Jam: Immagine in Cornice - Live in Italy 2006 (2007)
 3: The Story of Asya Klyachina (1966)
 4: The Great American Girl Robbery (1979)
 5: Female Vampire (Les avaleuses) (Erotic Kill) (1973)
 6: The Marquis (2011)
 7: Atharintiki Daaredi (2013)
 8: Tintin and the Lake of Sharks (1972)
 9: The Immoral Mr. Teas (1959)
10: Monster High: Fright On! (2011)
11: Love Life (2001)
12: Alien Tornado (2012)
13: The Keepers (2017)
14: Sex Is Zero (2002)
15: Lavalantula (2015)
16: UFO - Distruggete base Luna! (1971)
17: Heaven Is a Playground (1991)
18: Frankenstein Conquers the World (1965)
19: Rio Diablo (1993)
20: 1 (2014)
21: Patient Zero (2017)
22: Estamos Juntos (2011)
23: Mamitas (2011)
24: Jellyfish Eyes (2013)
25: More Brains! A Return to the Living Dead (2011)
26: PSYCHO-PASS: The Movie (2016)
27: Night of the Day of the Dawn of the Son of the Bride of the Return of the Terror (1991)
28: Here Without Me (Inja bedoone man) (2011)
29: Far Out Man (1990)
30: Mixed Kebab (2012)
31: "Mahabharata
32: The Prodigies (2011)
33: Kokoko (2012)
34: Susie Q (1996)
35: Duplicate (1998)
36: Zakochani (2000)
37: Emmanuelle 5 (1987)
38: Last Day of Summer (2009)
39: "2013 Rock and Roll Hall of Fame Induction Ceremony
40: The Russian Novel (2013)
41: Tr?mulo (2015)
42: Lemonade Mouth (2011)
43: The Boss's Daughter (2016)
44: Love Is Blind (2013)
45: Ali Baba Bunny (1957)
46: Hatchet III (2013)
47: Desierto (2016)
48: Losing the North (2015)
49: A Year in Burgundy (2013)
50: Seven Dwarfs (2004)
Benchmark execution time: 724917ms
