Got 26024289 ratings from 270896 users on 45115 movies.
Training: 15620330, validation: 5201747, test: 5202223
RMSE (validation) = 0.8218646929440648 for the model trained with rank = 8, lambda = 0.1, and numIter = 10.
RMSE (validation) = 0.8218597788823057 for the model trained with rank = 8, lambda = 0.1, and numIter = 20.
RMSE (validation) = 3.680341128910692 for the model trained with rank = 8, lambda = 10.0, and numIter = 10.
RMSE (validation) = 3.680341128910692 for the model trained with rank = 8, lambda = 10.0, and numIter = 20.
RMSE (validation) = 0.8219253859685786 for the model trained with rank = 12, lambda = 0.1, and numIter = 10.
RMSE (validation) = 0.8169197812044144 for the model trained with rank = 12, lambda = 0.1, and numIter = 20.
RMSE (validation) = 3.680341128910692 for the model trained with rank = 12, lambda = 10.0, and numIter = 10.
RMSE (validation) = 3.680341128910692 for the model trained with rank = 12, lambda = 10.0, and numIter = 20.
The best model was trained with rank = 12 and lambda = 0.1, and numIter = 20, and its RMSE on the test set is 0.8166450856087171.
The best model improves the baseline by 23.32%.
Movies recommended for you:
 1: Hamoun (1990)
 2: The Story of Asya Klyachina (1966)
 3: Pearl Jam: Immagine in Cornice - Live in Italy 2006 (2007)
 4: The Immoral Mr. Teas (1959)
 5: Atharintiki Daaredi (2013)
 6: Tintin and the Lake of Sharks (1972)
 7: Female Vampire (Les avaleuses) (Erotic Kill) (1973)
 8: The Marquis (2011)
 9: The Prodigies (2011)
10: Jellyfish Eyes (2013)
11: Love Life (2001)
12: Frankenstein Conquers the World (1965)
13: Duplicate (1998)
14: Estamos Juntos (2011)
15: Heaven Is a Playground (1991)
16: Emmanuelle 5 (1987)
17: Sex Is Zero (2002)
18: UFO - Distruggete base Luna! (1971)
19: The Great American Girl Robbery (1979)
20: Special Section (1975)
21: Heroes Shed No Tears (1986)
22: Vampyres (1974)
23: PSYCHO-PASS: The Movie (2016)
24: Far Out Man (1990)
25: Alien Tornado (2012)
26: Last Day of Summer (2009)
27: "Tramp
28: The Keepers (2017)
29: Daisy Town (1971)
30: Lavalantula (2015)
31: Emanuelle in Egypt (Velluto nero) (1976)
32: Prince of Jutland (a.k.a. Royal Deceit) (1994)
33: Rasputin (1996)
34: Losing the North (2015)
35: More Brains! A Return to the Living Dead (2011)
36: Rio Diablo (1993)
37: The Ties That Bind (2015)
38: High Risk (1981)
39: Monster High: Fright On! (2011)
40: The War at Home (1979)
41: Richard Jeni: A Big Steaming Pile of Me (2005)
42: 1 (2014)
43: "Mahabharata
44: Zakochani (2000)
45: Susie Q (1996)
46: Varalaru (2006)
47: Garage Olimpo (1999)
48: Love Is Blind (2013)
49: The Boss's Daughter (2016)
50: "Stolen Collection
Benchmark execution time: 661065ms
