Got 26024289 ratings from 270896 users on 45115 movies.
Training: 15620330, validation: 5201747, test: 5202223
RMSE (validation) = 0.8201479752458402 for the model trained with rank = 8, lambda = 0.1, and numIter = 10.
RMSE (validation) = 0.8210805151255576 for the model trained with rank = 8, lambda = 0.1, and numIter = 20.
RMSE (validation) = 3.680341128910692 for the model trained with rank = 8, lambda = 10.0, and numIter = 10.
RMSE (validation) = 3.680341128910692 for the model trained with rank = 8, lambda = 10.0, and numIter = 20.
RMSE (validation) = 0.8202289576324794 for the model trained with rank = 12, lambda = 0.1, and numIter = 10.
RMSE (validation) = 0.8172234530778346 for the model trained with rank = 12, lambda = 0.1, and numIter = 20.
RMSE (validation) = 3.680341128910692 for the model trained with rank = 12, lambda = 10.0, and numIter = 10.
RMSE (validation) = 3.680341128910692 for the model trained with rank = 12, lambda = 10.0, and numIter = 20.
The best model was trained with rank = 12 and lambda = 0.1, and numIter = 20, and its RMSE on the test set is 0.8169096795209182.
The best model improves the baseline by 23.30%.
Movies recommended for you:
 1: Hamoun (1990)
 2: Pearl Jam: Immagine in Cornice - Live in Italy 2006 (2007)
 3: The Keepers (2017)
 4: The Great American Girl Robbery (1979)
 5: The Story of Asya Klyachina (1966)
 6: The Immoral Mr. Teas (1959)
 7: The Marquis (2011)
 8: 1 (2014)
 9: Atharintiki Daaredi (2013)
10: Love Life (2001)
11: Tintin and the Lake of Sharks (1972)
12: Alien Tornado (2012)
13: Female Vampire (Les avaleuses) (Erotic Kill) (1973)
14: Lemonade Mouth (2011)
15: Frankenstein Conquers the World (1965)
16: Heaven Is a Playground (1991)
17: Sex Is Zero (2002)
18: Lavalantula (2015)
19: The Prodigies (2011)
20: Monster High: Fright On! (2011)
21: More Brains! A Return to the Living Dead (2011)
22: Rio Diablo (1993)
23: Heroes Shed No Tears (1986)
24: Vampyres (1974)
25: PSYCHO-PASS: The Movie (2016)
26: Duplicate (1998)
27: Far Out Man (1990)
28: Estamos Juntos (2011)
29: Night of the Day of the Dawn of the Son of the Bride of the Return of the Terror (1991)
30: "Mahabharata
31: Love Is Blind (2013)
32: Shock Head Soul (2011)
33: Patient Zero (2017)
34: Mixed Kebab (2012)
35: UFO - Distruggete base Luna! (1971)
36: Losing the North (2015)
37: Just Write (1997)
38: Kokoko (2012)
39: Daisy Town (1971)
40: Punk Vacation (1987)
41: "2013 Rock and Roll Hall of Fame Induction Ceremony
42: Desierto (2016)
43: Fantastic Lies (2016)
44: Tiger Orange (2014)
45: Scavenger Hunt (1979)
46: "Passion of Ayn Rand
47: Susie Q (1996)
48: The Boss's Daughter (2016)
49: Lost in a Harem (1944)
50: Mamitas (2011)
Benchmark execution time: 703068ms
