Got 26024289 ratings from 270896 users on 45115 movies.
Training: 15620330, validation: 5201747, test: 5202223
RMSE (validation) = 0.8212793704903869 for the model trained with rank = 8, lambda = 0.1, and numIter = 10.
RMSE (validation) = 0.8211670470881528 for the model trained with rank = 8, lambda = 0.1, and numIter = 20.
RMSE (validation) = 3.680341128910692 for the model trained with rank = 8, lambda = 10.0, and numIter = 10.
RMSE (validation) = 3.680341128910692 for the model trained with rank = 8, lambda = 10.0, and numIter = 20.
RMSE (validation) = 0.8186816173533944 for the model trained with rank = 12, lambda = 0.1, and numIter = 10.
RMSE (validation) = 0.8166180805122311 for the model trained with rank = 12, lambda = 0.1, and numIter = 20.
RMSE (validation) = 3.680341128910692 for the model trained with rank = 12, lambda = 10.0, and numIter = 10.
RMSE (validation) = 3.680341128910692 for the model trained with rank = 12, lambda = 10.0, and numIter = 20.
The best model was trained with rank = 12 and lambda = 0.1, and numIter = 20, and its RMSE on the test set is 0.8163401621570472.
The best model improves the baseline by 23.35%.
Movies recommended for you:
 1: Hamoun (1990)
 2: Pearl Jam: Immagine in Cornice - Live in Italy 2006 (2007)
 3: The Great American Girl Robbery (1979)
 4: Female Vampire (Les avaleuses) (Erotic Kill) (1973)
 5: Atharintiki Daaredi (2013)
 6: The Marquis (2011)
 7: Sex Is Zero (2002)
 8: The Immoral Mr. Teas (1959)
 9: The Keepers (2017)
10: Tintin and the Lake of Sharks (1972)
11: The Story of Asya Klyachina (1966)
12: Heaven Is a Playground (1991)
13: Fantastic Lies (2016)
14: Monster High: Fright On! (2011)
15: Frankenstein Conquers the World (1965)
16: Estamos Juntos (2011)
17: Lemonade Mouth (2011)
18: The Prodigies (2011)
19: Ali Baba Bunny (1957)
20: More Brains! A Return to the Living Dead (2011)
21: Rio Diablo (1993)
22: Patient Zero (2017)
23: "Mahabharata
24: Lavalantula (2015)
25: Love Life (2001)
26: UFO - Distruggete base Luna! (1971)
27: PSYCHO-PASS: The Movie (2016)
28: "2013 Rock and Roll Hall of Fame Induction Ceremony
29: Night of the Day of the Dawn of the Son of the Bride of the Return of the Terror (1991)
30: Scavenger Hunt (1979)
31: Far Out Man (1990)
32: Kokoko (2012)
33: Love Is Blind (2013)
34: Losing the North (2015)
35: Beltracchi - The Art of the Forgery (2014)
36: Alien Tornado (2012)
37: Last Day of Summer (2009)
38: Emmanuelle 5 (1987)
39: Here Without Me (Inja bedoone man) (2011)
40: Susie Q (1996)
41: Daisy Town (1971)
42: Mixed Kebab (2012)
43: The Boss's Daughter (2016)
44: "Tramp
45: 1 (2014)
46: Zakochani (2000)
47: Tiger Orange (2014)
48: Desierto (2016)
49: Spine Tingler!  The William Castle Story (2007)
50: Farmageddon (2011)
Benchmark execution time: 656843ms
