Got 26024289 ratings from 270896 users on 45115 movies.
Training: 15620330, validation: 5201747, test: 5202223
RMSE (validation) = 0.821269873986701 for the model trained with rank = 8, lambda = 0.1, and numIter = 10.
RMSE (validation) = 0.8206280878023916 for the model trained with rank = 8, lambda = 0.1, and numIter = 20.
RMSE (validation) = 3.680341128910692 for the model trained with rank = 8, lambda = 10.0, and numIter = 10.
RMSE (validation) = 3.680341128910692 for the model trained with rank = 8, lambda = 10.0, and numIter = 20.
RMSE (validation) = 0.8185662056050392 for the model trained with rank = 12, lambda = 0.1, and numIter = 10.
RMSE (validation) = 0.8170792653624804 for the model trained with rank = 12, lambda = 0.1, and numIter = 20.
RMSE (validation) = 3.680341128910692 for the model trained with rank = 12, lambda = 10.0, and numIter = 10.
RMSE (validation) = 3.680341128910692 for the model trained with rank = 12, lambda = 10.0, and numIter = 20.
The best model was trained with rank = 12 and lambda = 0.1, and numIter = 20, and its RMSE on the test set is 0.8168126241645666.
The best model improves the baseline by 23.31%.
Movies recommended for you:
 1: Hamoun (1990)
 2: Pearl Jam: Immagine in Cornice - Live in Italy 2006 (2007)
 3: The Story of Asya Klyachina (1966)
 4: Atharintiki Daaredi (2013)
 5: The Great American Girl Robbery (1979)
 6: The Marquis (2011)
 7: The Keepers (2017)
 8: Sex Is Zero (2002)
 9: Tintin and the Lake of Sharks (1972)
10: 1 (2014)
11: Love Life (2001)
12: Lavalantula (2015)
13: Estamos Juntos (2011)
14: Female Vampire (Les avaleuses) (Erotic Kill) (1973)
15: Fantastic Lies (2016)
16: Frankenstein Conquers the World (1965)
17: Heaven Is a Playground (1991)
18: Love Is Blind (2013)
19: Monster High: Fright On! (2011)
20: "Mahabharata
21: PSYCHO-PASS: The Movie (2016)
22: Kokoko (2012)
23: Patient Zero (2017)
24: More Brains! A Return to the Living Dead (2011)
25: The Immoral Mr. Teas (1959)
26: The Prodigies (2011)
27: UFO - Distruggete base Luna! (1971)
28: Rio Diablo (1993)
29: Tr?mulo (2015)
30: The Boss's Daughter (2016)
31: Mixed Kebab (2012)
32: Alien Tornado (2012)
33: Last Day of Summer (2009)
34: Daisy Town (1971)
35: "2013 Rock and Roll Hall of Fame Induction Ceremony
36: A Year in Burgundy (2013)
37: Far Out Man (1990)
38: Lost in a Harem (1944)
39: Spoiler (1998)
40: Beltracchi - The Art of the Forgery (2014)
41: Desierto (2016)
42: Jeff Dunham: Arguing with Myself (2006)
43: Ali Baba Bunny (1957)
44: Emmanuelle 5 (1987)
45: Just Write (1997)
46: Scooby-Doo! Frankencreepy (2014)
47: Losing the North (2015)
48: Garage Olimpo (1999)
49: Lagerfeld Confidential (2007)
50: Punk Vacation (1987)
Benchmark execution time: 721957ms
