Got 26024289 ratings from 270896 users on 45115 movies.
Training: 15620330, validation: 5201747, test: 5202223
RMSE (validation) = 0.8211982609079174 for the model trained with rank = 8, lambda = 0.1, and numIter = 10.
RMSE (validation) = 0.8208481225995643 for the model trained with rank = 8, lambda = 0.1, and numIter = 20.
RMSE (validation) = 3.680341128910692 for the model trained with rank = 8, lambda = 10.0, and numIter = 10.
RMSE (validation) = 3.680341128910692 for the model trained with rank = 8, lambda = 10.0, and numIter = 20.
RMSE (validation) = 0.8186835724508127 for the model trained with rank = 12, lambda = 0.1, and numIter = 10.
RMSE (validation) = 0.8173044272638793 for the model trained with rank = 12, lambda = 0.1, and numIter = 20.
RMSE (validation) = 3.680341128910692 for the model trained with rank = 12, lambda = 10.0, and numIter = 10.
RMSE (validation) = 3.680341128910692 for the model trained with rank = 12, lambda = 10.0, and numIter = 20.
The best model was trained with rank = 12 and lambda = 0.1, and numIter = 20, and its RMSE on the test set is 0.8170174664768716.
The best model improves the baseline by 23.29%.
Movies recommended for you:
 1: Hamoun (1990)
 2: Pearl Jam: Immagine in Cornice - Live in Italy 2006 (2007)
 3: Atharintiki Daaredi (2013)
 4: The Keepers (2017)
 5: The Great American Girl Robbery (1979)
 6: 1 (2014)
 7: The Marquis (2011)
 8: Frankenstein Conquers the World (1965)
 9: Female Vampire (Les avaleuses) (Erotic Kill) (1973)
10: Love Life (2001)
11: The Immoral Mr. Teas (1959)
12: Fantastic Lies (2016)
13: Tintin and the Lake of Sharks (1972)
14: Sex Is Zero (2002)
15: Heaven Is a Playground (1991)
16: The Story of Asya Klyachina (1966)
17: More Brains! A Return to the Living Dead (2011)
18: Lavalantula (2015)
19: PSYCHO-PASS: The Movie (2016)
20: The Prodigies (2011)
21: Estamos Juntos (2011)
22: UFO - Distruggete base Luna! (1971)
23: Heroes Shed No Tears (1986)
24: Vampyres (1974)
25: Monster High: Fright On! (2011)
26: "Mahabharata
27: Far Out Man (1990)
28: Mamitas (2011)
29: Patient Zero (2017)
30: Losing the North (2015)
31: Rio Diablo (1993)
32: Don't You Forget About Me (2009)
33: "2013 Rock and Roll Hall of Fame Induction Ceremony
34: Just Write (1997)
35: Daisy Town (1971)
36: Lemonade Mouth (2011)
37: Lost in a Harem (1944)
38: Love Is Blind (2013)
39: Scavenger Hunt (1979)
40: Tr?mulo (2015)
41: Desierto (2016)
42: Emmanuelle 5 (1987)
43: Punk Vacation (1987)
44: Seven Dwarfs (2004)
45: Kokoko (2012)
46: The War at Home (1979)
47: Here Without Me (Inja bedoone man) (2011)
48: How to Fall in Love (2012)
49: Alien Tornado (2012)
50: Duplicate (1998)
Benchmark execution time: 814557ms
