Got 26024289 ratings from 270896 users on 45115 movies.
Training: 15620330, validation: 5201747, test: 5202223
RMSE (validation) = 0.8192793322647559 for the model trained with rank = 8, lambda = 0.1, and numIter = 10.
RMSE (validation) = 0.8217803327867601 for the model trained with rank = 8, lambda = 0.1, and numIter = 20.
RMSE (validation) = 3.680341128910692 for the model trained with rank = 8, lambda = 10.0, and numIter = 10.
RMSE (validation) = 3.680341128910692 for the model trained with rank = 8, lambda = 10.0, and numIter = 20.
RMSE (validation) = 0.8233719046953302 for the model trained with rank = 12, lambda = 0.1, and numIter = 10.
RMSE (validation) = 0.8169201163703028 for the model trained with rank = 12, lambda = 0.1, and numIter = 20.
RMSE (validation) = 3.680341128910692 for the model trained with rank = 12, lambda = 10.0, and numIter = 10.
RMSE (validation) = 3.680341128910692 for the model trained with rank = 12, lambda = 10.0, and numIter = 20.
The best model was trained with rank = 12 and lambda = 0.1, and numIter = 20, and its RMSE on the test set is 0.8166443406261802.
The best model improves the baseline by 23.32%.
Movies recommended for you:
 1: Hamoun (1990)
 2: Pearl Jam: Immagine in Cornice - Live in Italy 2006 (2007)
 3: The Great American Girl Robbery (1979)
 4: Atharintiki Daaredi (2013)
 5: The Keepers (2017)
 6: The Marquis (2011)
 7: 1 (2014)
 8: Tintin and the Lake of Sharks (1972)
 9: Sex Is Zero (2002)
10: Female Vampire (Les avaleuses) (Erotic Kill) (1973)
11: Frankenstein Conquers the World (1965)
12: The Immoral Mr. Teas (1959)
13: Heaven Is a Playground (1991)
14: Fantastic Lies (2016)
15: Estamos Juntos (2011)
16: Love Life (2001)
17: "Mahabharata
18: Love Is Blind (2013)
19: More Brains! A Return to the Living Dead (2011)
20: Monster High: Fright On! (2011)
21: PSYCHO-PASS: The Movie (2016)
22: The Story of Asya Klyachina (1966)
23: Lavalantula (2015)
24: Patient Zero (2017)
25: The Prodigies (2011)
26: UFO - Distruggete base Luna! (1971)
27: Mixed Kebab (2012)
28: Rio Diablo (1993)
29: Far Out Man (1990)
30: Tr?mulo (2015)
31: Mamitas (2011)
32: Lemonade Mouth (2011)
33: "2013 Rock and Roll Hall of Fame Induction Ceremony
34: Daisy Town (1971)
35: Tiger Orange (2014)
36: Duplicate (1998)
37: Lost in a Harem (1944)
38: Last Day of Summer (2009)
39: Alien Tornado (2012)
40: Beltracchi - The Art of the Forgery (2014)
41: Desierto (2016)
42: Extreme Private Eros: Love Song 1974 (1974)
43: "Tripper
44: Night of the Day of the Dawn of the Son of the Bride of the Return of the Terror (1991)
45: Losing the North (2015)
46: A Year in Burgundy (2013)
47: Just Write (1997)
48: Don't You Forget About Me (2009)
49: "Passion of Ayn Rand
50: Spine Tingler!  The William Castle Story (2007)
Benchmark execution time: 817820ms
