Got 26024289 ratings from 270896 users on 45115 movies.
Training: 15620330, validation: 5201747, test: 5202223
RMSE (validation) = 0.8207845980390541 for the model trained with rank = 8, lambda = 0.1, and numIter = 10.
RMSE (validation) = 0.8212432429418424 for the model trained with rank = 8, lambda = 0.1, and numIter = 20.
RMSE (validation) = 3.680341128910692 for the model trained with rank = 8, lambda = 10.0, and numIter = 10.
RMSE (validation) = 3.680341128910692 for the model trained with rank = 8, lambda = 10.0, and numIter = 20.
RMSE (validation) = 0.8192324814777225 for the model trained with rank = 12, lambda = 0.1, and numIter = 10.
RMSE (validation) = 0.8168491135973547 for the model trained with rank = 12, lambda = 0.1, and numIter = 20.
RMSE (validation) = 3.680341128910692 for the model trained with rank = 12, lambda = 10.0, and numIter = 10.
RMSE (validation) = 3.680341128910692 for the model trained with rank = 12, lambda = 10.0, and numIter = 20.
The best model was trained with rank = 12 and lambda = 0.1, and numIter = 20, and its RMSE on the test set is 0.8165592173062166.
The best model improves the baseline by 23.33%.
Movies recommended for you:
 1: Hamoun (1990)
 2: The Immoral Mr. Teas (1959)
 3: Pearl Jam: Immagine in Cornice - Live in Italy 2006 (2007)
 4: The Story of Asya Klyachina (1966)
 5: The Keepers (2017)
 6: Atharintiki Daaredi (2013)
 7: The Great American Girl Robbery (1979)
 8: Female Vampire (Les avaleuses) (Erotic Kill) (1973)
 9: Tintin and the Lake of Sharks (1972)
10: The Marquis (2011)
11: Love Life (2001)
12: Sex Is Zero (2002)
13: Heaven Is a Playground (1991)
14: The Prodigies (2011)
15: Scavenger Hunt (1979)
16: Estamos Juntos (2011)
17: Frankenstein Conquers the World (1965)
18: UFO - Distruggete base Luna! (1971)
19: Emmanuelle 5 (1987)
20: Alien Tornado (2012)
21: "Mahabharata
22: 1 (2014)
23: Lemonade Mouth (2011)
24: Kokoko (2012)
25: More Brains! A Return to the Living Dead (2011)
26: Monster High: Fright On! (2011)
27: Patient Zero (2017)
28: Losing the North (2015)
29: Love Is Blind (2013)
30: Punk Vacation (1987)
31: Tiger Orange (2014)
32: Rio Diablo (1993)
33: Far Out Man (1990)
34: Lavalantula (2015)
35: PSYCHO-PASS: The Movie (2016)
36: Duplicate (1998)
37: Mixed Kebab (2012)
38: The Boss's Daughter (2016)
39: Mamitas (2011)
40: Just Write (1997)
41: Farmageddon (2011)
42: Heroes Shed No Tears (1986)
43: Vampyres (1974)
44: Daisy Town (1971)
45: Desierto (2016)
46: Night of the Day of the Dawn of the Son of the Bride of the Return of the Terror (1991)
47: Tr?mulo (2015)
48: Zakochani (2000)
49: Beltracchi - The Art of the Forgery (2014)
50: "Stolen Collection
Benchmark execution time: 706909ms
