Got 26024289 ratings from 270896 users on 45115 movies.
Training: 15620330, validation: 5201747, test: 5202223
RMSE (validation) = 0.8209959887758861 for the model trained with rank = 8, lambda = 0.1, and numIter = 10.
RMSE (validation) = 0.8218195816515227 for the model trained with rank = 8, lambda = 0.1, and numIter = 20.
RMSE (validation) = 3.680341128910692 for the model trained with rank = 8, lambda = 10.0, and numIter = 10.
RMSE (validation) = 3.680341128910692 for the model trained with rank = 8, lambda = 10.0, and numIter = 20.
RMSE (validation) = 0.8196760355480831 for the model trained with rank = 12, lambda = 0.1, and numIter = 10.
RMSE (validation) = 0.8174611815918239 for the model trained with rank = 12, lambda = 0.1, and numIter = 20.
RMSE (validation) = 3.680341128910692 for the model trained with rank = 12, lambda = 10.0, and numIter = 10.
RMSE (validation) = 3.680341128910692 for the model trained with rank = 12, lambda = 10.0, and numIter = 20.
The best model was trained with rank = 12 and lambda = 0.1, and numIter = 20, and its RMSE on the test set is 0.8171192787832117.
The best model improves the baseline by 23.28%.
Movies recommended for you:
 1: The Story of Asya Klyachina (1966)
 2: Hamoun (1990)
 3: Pearl Jam: Immagine in Cornice - Live in Italy 2006 (2007)
 4: It Runs in the Family (My Summer Story) (1994)
 5: The Great American Girl Robbery (1979)
 6: Jellyfish Eyes (2013)
 7: Female Vampire (Les avaleuses) (Erotic Kill) (1973)
 8: Atharintiki Daaredi (2013)
 9: Tintin and the Lake of Sharks (1972)
10: Heroes Shed No Tears (1986)
11: Vampyres (1974)
12: Special Section (1975)
13: The Marquis (2011)
14: The Prodigies (2011)
15: Emmanuelle 5 (1987)
16: Love Is Blind (2013)
17: Love Life (2001)
18: Heaven Is a Playground (1991)
19: Punk Vacation (1987)
20: The Immoral Mr. Teas (1959)
21: Kokoko (2012)
22: The Keepers (2017)
23: The Boss's Daughter (2016)
24: Emanuelle in Egypt (Velluto nero) (1976)
25: Richard Jeni: A Big Steaming Pile of Me (2005)
26: UFO - Distruggete base Luna! (1971)
27: Losing the North (2015)
28: PSYCHO-PASS: The Movie (2016)
29: Night of the Day of the Dawn of the Son of the Bride of the Return of the Terror (1991)
30: High Risk (1981)
31: Loser Takes All! (Qui perd gagne !) (2003)
32: Monster High: Fright On! (2011)
33: Rasputin (1996)
34: Alien Tornado (2012)
35: Far Out Man (1990)
36: Lemonade Mouth (2011)
37: Rio Diablo (1993)
38: Jimi Plays Monterey (1986)
39: The Ties That Bind (2015)
40: Susie Q (1996)
41: Daisy Town (1971)
42: "Mahabharata
43: Lost in a Harem (1944)
44: Frankenstein Conquers the World (1965)
45: Garage Olimpo (1999)
46: Mamitas (2011)
47: Here Without Me (Inja bedoone man) (2011)
48: More Brains! A Return to the Living Dead (2011)
49: "Passion of Ayn Rand
50: Mad Ron's Prevues from Hell (1987)
Benchmark execution time: 730944ms
