Got 26024289 ratings from 270896 users on 45115 movies.
Training: 15620330, validation: 5201747, test: 5202223
RMSE (validation) = 0.8224492796959615 for the model trained with rank = 8, lambda = 0.1, and numIter = 10.
RMSE (validation) = 0.8210970677694734 for the model trained with rank = 8, lambda = 0.1, and numIter = 20.
RMSE (validation) = 3.680341128910692 for the model trained with rank = 8, lambda = 10.0, and numIter = 10.
RMSE (validation) = 3.680341128910692 for the model trained with rank = 8, lambda = 10.0, and numIter = 20.
RMSE (validation) = 0.8205364269893225 for the model trained with rank = 12, lambda = 0.1, and numIter = 10.
RMSE (validation) = 0.8167222158802311 for the model trained with rank = 12, lambda = 0.1, and numIter = 20.
RMSE (validation) = 3.680341128910692 for the model trained with rank = 12, lambda = 10.0, and numIter = 10.
RMSE (validation) = 3.680341128910692 for the model trained with rank = 12, lambda = 10.0, and numIter = 20.
The best model was trained with rank = 12 and lambda = 0.1, and numIter = 20, and its RMSE on the test set is 0.816412355585559.
The best model improves the baseline by 23.34%.
Movies recommended for you:
 1: Hamoun (1990)
 2: Pearl Jam: Immagine in Cornice - Live in Italy 2006 (2007)
 3: Female Vampire (Les avaleuses) (Erotic Kill) (1973)
 4: The Keepers (2017)
 5: The Great American Girl Robbery (1979)
 6: 1 (2014)
 7: Love Life (2001)
 8: The Marquis (2011)
 9: The Immoral Mr. Teas (1959)
10: Tintin and the Lake of Sharks (1972)
11: Sex Is Zero (2002)
12: Lavalantula (2015)
13: Frankenstein Conquers the World (1965)
14: Alien Tornado (2012)
15: Atharintiki Daaredi (2013)
16: Heaven Is a Playground (1991)
17: Lemonade Mouth (2011)
18: Monster High: Fright On! (2011)
19: Rio Diablo (1993)
20: The Prodigies (2011)
21: More Brains! A Return to the Living Dead (2011)
22: Shock Head Soul (2011)
23: Far Out Man (1990)
24: UFO - Distruggete base Luna! (1971)
25: Just Write (1997)
26: PSYCHO-PASS: The Movie (2016)
27: The Story of Asya Klyachina (1966)
28: Estamos Juntos (2011)
29: Heroes Shed No Tears (1986)
30: Vampyres (1974)
31: "Mahabharata
32: Night of the Day of the Dawn of the Son of the Bride of the Return of the Terror (1991)
33: "2013 Rock and Roll Hall of Fame Induction Ceremony
34: Here Without Me (Inja bedoone man) (2011)
35: Desierto (2016)
36: Love Is Blind (2013)
37: Patient Zero (2017)
38: Daisy Town (1971)
39: Susie Q (1996)
40: Emmanuelle 5 (1987)
41: Losing the North (2015)
42: Ali Baba Bunny (1957)
43: Provocateur (1998)
44: Tiger Orange (2014)
45: Thor: Ragnarok (2017)
46: Tr?mulo (2015)
47: "Stolen Collection
48: The Emperor in August (2015)
49: Mamitas (2011)
50: Manhattan Romance (2015)
Benchmark execution time: 743446ms
