Got 26024289 ratings from 270896 users on 45115 movies.
Training: 15620330, validation: 5201747, test: 5202223
RMSE (validation) = 0.8247543664516485 for the model trained with rank = 8, lambda = 0.1, and numIter = 10.
RMSE (validation) = 0.8202865972690193 for the model trained with rank = 8, lambda = 0.1, and numIter = 20.
RMSE (validation) = 3.680341128910692 for the model trained with rank = 8, lambda = 10.0, and numIter = 10.
RMSE (validation) = 3.680341128910692 for the model trained with rank = 8, lambda = 10.0, and numIter = 20.
RMSE (validation) = 0.8197110345664597 for the model trained with rank = 12, lambda = 0.1, and numIter = 10.
RMSE (validation) = 0.8172340942160329 for the model trained with rank = 12, lambda = 0.1, and numIter = 20.
RMSE (validation) = 3.680341128910692 for the model trained with rank = 12, lambda = 10.0, and numIter = 10.
RMSE (validation) = 3.680341128910692 for the model trained with rank = 12, lambda = 10.0, and numIter = 20.
The best model was trained with rank = 12 and lambda = 0.1, and numIter = 20, and its RMSE on the test set is 0.8169606998327433.
The best model improves the baseline by 23.29%.
Movies recommended for you:
 1: Hamoun (1990)
 2: Pearl Jam: Immagine in Cornice - Live in Italy 2006 (2007)
 3: The Story of Asya Klyachina (1966)
 4: The Great American Girl Robbery (1979)
 5: The Immoral Mr. Teas (1959)
 6: Sex Is Zero (2002)
 7: The Marquis (2011)
 8: Fantastic Lies (2016)
 9: Tintin and the Lake of Sharks (1972)
10: Monster High: Fright On! (2011)
11: Love Life (2001)
12: Atharintiki Daaredi (2013)
13: Female Vampire (Les avaleuses) (Erotic Kill) (1973)
14: Estamos Juntos (2011)
15: Frankenstein Conquers the World (1965)
16: Heaven Is a Playground (1991)
17: Love Is Blind (2013)
18: "Mahabharata
19: Duplicate (1998)
20: UFO - Distruggete base Luna! (1971)
21: More Brains! A Return to the Living Dead (2011)
22: Lost in a Harem (1944)
23: PSYCHO-PASS: The Movie (2016)
24: The Prodigies (2011)
25: The Keepers (2017)
26: Last Day of Summer (2009)
27: "2013 Rock and Roll Hall of Fame Induction Ceremony
28: Ali Baba Bunny (1957)
29: Here Without Me (Inja bedoone man) (2011)
30: Rio Diablo (1993)
31: Kokoko (2012)
32: Far Out Man (1990)
33: Daisy Town (1971)
34: Tr?mulo (2015)
35: Beltracchi - The Art of the Forgery (2014)
36: It Happened on Fifth Avenue (1947)
37: Susie Q (1996)
38: Garfield's Fun Fest (2008)
39: The War at Home (1979)
40: Desierto (2016)
41: Lemonade Mouth (2011)
42: Steal This Film II (2007)
43: Losing the North (2015)
44: "Tramp
45: Night of the Day of the Dawn of the Son of the Bride of the Return of the Terror (1991)
46: Mamitas (2011)
47: 1 (2014)
48: Jeff Dunham: Arguing with Myself (2006)
49: Spine Tingler!  The William Castle Story (2007)
50: Scavenger Hunt (1979)
Benchmark execution time: 628508ms
